[2025-04-06T18:13:56.151+0000] {processor.py:157} INFO - Started process (PID=164) to work on /opt/airflow/dags/pipeline1_dag.py
[2025-04-06T18:13:56.154+0000] {processor.py:829} INFO - Processing file /opt/airflow/dags/pipeline1_dag.py for tasks to queue
[2025-04-06T18:13:56.156+0000] {logging_mixin.py:151} INFO - [2025-04-06T18:13:56.155+0000] {dagbag.py:539} INFO - Filling up the DagBag from /opt/airflow/dags/pipeline1_dag.py
[2025-04-06T18:13:57.348+0000] {processor.py:839} INFO - DAG(s) dict_keys(['pipeline1_news_sentiment']) retrieved from /opt/airflow/dags/pipeline1_dag.py
[2025-04-06T18:13:57.567+0000] {logging_mixin.py:151} INFO - [2025-04-06T18:13:57.567+0000] {manager.py:499} INFO - Created Permission View: %s
[2025-04-06T18:13:57.572+0000] {logging_mixin.py:151} INFO - [2025-04-06T18:13:57.572+0000] {manager.py:499} INFO - Created Permission View: %s
[2025-04-06T18:13:57.575+0000] {logging_mixin.py:151} INFO - [2025-04-06T18:13:57.575+0000] {manager.py:499} INFO - Created Permission View: %s
[2025-04-06T18:13:57.575+0000] {logging_mixin.py:151} INFO - [2025-04-06T18:13:57.575+0000] {security.py:708} INFO - Not syncing DAG-level permissions for DAG 'DAG:pipeline1_news_sentiment' as access control is unset.
[2025-04-06T18:13:57.576+0000] {logging_mixin.py:151} INFO - [2025-04-06T18:13:57.576+0000] {dag.py:2915} INFO - Sync 1 DAGs
[2025-04-06T18:13:57.584+0000] {logging_mixin.py:151} INFO - [2025-04-06T18:13:57.584+0000] {dag.py:2937} INFO - Creating ORM DAG for pipeline1_news_sentiment
[2025-04-06T18:13:57.590+0000] {logging_mixin.py:151} INFO - [2025-04-06T18:13:57.590+0000] {dag.py:3696} INFO - Setting next_dagrun for pipeline1_news_sentiment to 2025-04-03T19:00:00+00:00, run_after=2025-04-04T19:00:00+00:00
[2025-04-06T18:13:57.603+0000] {processor.py:179} INFO - Processing /opt/airflow/dags/pipeline1_dag.py took 1.462 seconds
[2025-04-06T18:14:18.318+0000] {processor.py:157} INFO - Started process (PID=164) to work on /opt/airflow/dags/pipeline1_dag.py
[2025-04-06T18:14:18.322+0000] {processor.py:829} INFO - Processing file /opt/airflow/dags/pipeline1_dag.py for tasks to queue
[2025-04-06T18:14:18.325+0000] {logging_mixin.py:151} INFO - [2025-04-06T18:14:18.324+0000] {dagbag.py:539} INFO - Filling up the DagBag from /opt/airflow/dags/pipeline1_dag.py
[2025-04-06T18:14:19.730+0000] {processor.py:839} INFO - DAG(s) dict_keys(['pipeline1_news_sentiment']) retrieved from /opt/airflow/dags/pipeline1_dag.py
[2025-04-06T18:14:20.074+0000] {logging_mixin.py:151} INFO - [2025-04-06T18:14:20.073+0000] {manager.py:499} INFO - Created Permission View: %s
[2025-04-06T18:14:20.091+0000] {logging_mixin.py:151} INFO - [2025-04-06T18:14:20.090+0000] {manager.py:499} INFO - Created Permission View: %s
[2025-04-06T18:14:20.102+0000] {logging_mixin.py:151} INFO - [2025-04-06T18:14:20.102+0000] {manager.py:499} INFO - Created Permission View: %s
[2025-04-06T18:14:20.104+0000] {logging_mixin.py:151} INFO - [2025-04-06T18:14:20.103+0000] {security.py:708} INFO - Not syncing DAG-level permissions for DAG 'DAG:pipeline1_news_sentiment' as access control is unset.
[2025-04-06T18:14:20.104+0000] {logging_mixin.py:151} INFO - [2025-04-06T18:14:20.104+0000] {dag.py:2915} INFO - Sync 1 DAGs
[2025-04-06T18:14:20.122+0000] {logging_mixin.py:151} INFO - [2025-04-06T18:14:20.122+0000] {dag.py:2937} INFO - Creating ORM DAG for pipeline1_news_sentiment
[2025-04-06T18:14:20.138+0000] {logging_mixin.py:151} INFO - [2025-04-06T18:14:20.137+0000] {dag.py:3696} INFO - Setting next_dagrun for pipeline1_news_sentiment to 2025-04-03T19:00:00+00:00, run_after=2025-04-04T19:00:00+00:00
[2025-04-06T18:14:20.194+0000] {processor.py:179} INFO - Processing /opt/airflow/dags/pipeline1_dag.py took 1.887 seconds
[2025-04-06T18:14:50.423+0000] {processor.py:157} INFO - Started process (PID=169) to work on /opt/airflow/dags/pipeline1_dag.py
[2025-04-06T18:14:50.424+0000] {processor.py:829} INFO - Processing file /opt/airflow/dags/pipeline1_dag.py for tasks to queue
[2025-04-06T18:14:50.427+0000] {logging_mixin.py:151} INFO - [2025-04-06T18:14:50.427+0000] {dagbag.py:539} INFO - Filling up the DagBag from /opt/airflow/dags/pipeline1_dag.py
[2025-04-06T18:14:51.021+0000] {processor.py:839} INFO - DAG(s) dict_keys(['pipeline1_news_sentiment']) retrieved from /opt/airflow/dags/pipeline1_dag.py
[2025-04-06T18:14:51.070+0000] {logging_mixin.py:151} INFO - [2025-04-06T18:14:51.069+0000] {dag.py:2915} INFO - Sync 1 DAGs
[2025-04-06T18:14:51.110+0000] {logging_mixin.py:151} INFO - [2025-04-06T18:14:51.110+0000] {dag.py:3696} INFO - Setting next_dagrun for pipeline1_news_sentiment to 2025-04-03T19:00:00+00:00, run_after=2025-04-04T19:00:00+00:00
[2025-04-06T18:14:51.154+0000] {processor.py:179} INFO - Processing /opt/airflow/dags/pipeline1_dag.py took 0.733 seconds
[2025-04-06T18:15:21.434+0000] {processor.py:157} INFO - Started process (PID=174) to work on /opt/airflow/dags/pipeline1_dag.py
[2025-04-06T18:15:21.437+0000] {processor.py:829} INFO - Processing file /opt/airflow/dags/pipeline1_dag.py for tasks to queue
[2025-04-06T18:15:21.438+0000] {logging_mixin.py:151} INFO - [2025-04-06T18:15:21.437+0000] {dagbag.py:539} INFO - Filling up the DagBag from /opt/airflow/dags/pipeline1_dag.py
[2025-04-06T18:15:21.763+0000] {processor.py:839} INFO - DAG(s) dict_keys(['pipeline1_news_sentiment']) retrieved from /opt/airflow/dags/pipeline1_dag.py
[2025-04-06T18:15:21.783+0000] {logging_mixin.py:151} INFO - [2025-04-06T18:15:21.782+0000] {dag.py:2915} INFO - Sync 1 DAGs
[2025-04-06T18:15:21.798+0000] {logging_mixin.py:151} INFO - [2025-04-06T18:15:21.798+0000] {dag.py:3696} INFO - Setting next_dagrun for pipeline1_news_sentiment to 2025-04-03T19:00:00+00:00, run_after=2025-04-04T19:00:00+00:00
[2025-04-06T18:15:21.943+0000] {processor.py:179} INFO - Processing /opt/airflow/dags/pipeline1_dag.py took 0.513 seconds
[2025-04-06T18:15:52.978+0000] {processor.py:157} INFO - Started process (PID=179) to work on /opt/airflow/dags/pipeline1_dag.py
[2025-04-06T18:15:52.995+0000] {processor.py:829} INFO - Processing file /opt/airflow/dags/pipeline1_dag.py for tasks to queue
[2025-04-06T18:15:53.030+0000] {logging_mixin.py:151} INFO - [2025-04-06T18:15:53.012+0000] {dagbag.py:539} INFO - Filling up the DagBag from /opt/airflow/dags/pipeline1_dag.py
[2025-04-06T18:15:56.238+0000] {processor.py:839} INFO - DAG(s) dict_keys(['pipeline1_news_sentiment']) retrieved from /opt/airflow/dags/pipeline1_dag.py
[2025-04-06T18:15:56.294+0000] {logging_mixin.py:151} INFO - [2025-04-06T18:15:56.294+0000] {dag.py:2915} INFO - Sync 1 DAGs
[2025-04-06T18:15:56.319+0000] {logging_mixin.py:151} INFO - [2025-04-06T18:15:56.319+0000] {dag.py:3696} INFO - Setting next_dagrun for pipeline1_news_sentiment to 2025-04-03T19:00:00+00:00, run_after=2025-04-04T19:00:00+00:00
[2025-04-06T18:15:56.337+0000] {processor.py:179} INFO - Processing /opt/airflow/dags/pipeline1_dag.py took 3.385 seconds
[2025-04-06T18:16:26.820+0000] {processor.py:157} INFO - Started process (PID=186) to work on /opt/airflow/dags/pipeline1_dag.py
[2025-04-06T18:16:26.826+0000] {processor.py:829} INFO - Processing file /opt/airflow/dags/pipeline1_dag.py for tasks to queue
[2025-04-06T18:16:26.830+0000] {logging_mixin.py:151} INFO - [2025-04-06T18:16:26.828+0000] {dagbag.py:539} INFO - Filling up the DagBag from /opt/airflow/dags/pipeline1_dag.py
[2025-04-06T18:16:29.422+0000] {processor.py:839} INFO - DAG(s) dict_keys(['pipeline1_news_sentiment']) retrieved from /opt/airflow/dags/pipeline1_dag.py
[2025-04-06T18:16:29.567+0000] {logging_mixin.py:151} INFO - [2025-04-06T18:16:29.567+0000] {dag.py:2915} INFO - Sync 1 DAGs
[2025-04-06T18:16:29.625+0000] {logging_mixin.py:151} INFO - [2025-04-06T18:16:29.624+0000] {dag.py:3696} INFO - Setting next_dagrun for pipeline1_news_sentiment to 2025-04-04T19:00:00+00:00, run_after=2025-04-07T19:00:00+00:00
[2025-04-06T18:16:29.716+0000] {processor.py:179} INFO - Processing /opt/airflow/dags/pipeline1_dag.py took 2.925 seconds
[2025-04-06T18:17:00.227+0000] {processor.py:157} INFO - Started process (PID=191) to work on /opt/airflow/dags/pipeline1_dag.py
[2025-04-06T18:17:00.229+0000] {processor.py:829} INFO - Processing file /opt/airflow/dags/pipeline1_dag.py for tasks to queue
[2025-04-06T18:17:00.230+0000] {logging_mixin.py:151} INFO - [2025-04-06T18:17:00.229+0000] {dagbag.py:539} INFO - Filling up the DagBag from /opt/airflow/dags/pipeline1_dag.py
[2025-04-06T18:17:00.755+0000] {processor.py:839} INFO - DAG(s) dict_keys(['pipeline1_news_sentiment']) retrieved from /opt/airflow/dags/pipeline1_dag.py
[2025-04-06T18:17:00.803+0000] {logging_mixin.py:151} INFO - [2025-04-06T18:17:00.803+0000] {dag.py:2915} INFO - Sync 1 DAGs
[2025-04-06T18:17:00.841+0000] {logging_mixin.py:151} INFO - [2025-04-06T18:17:00.841+0000] {dag.py:3696} INFO - Setting next_dagrun for pipeline1_news_sentiment to 2025-04-04T19:00:00+00:00, run_after=2025-04-07T19:00:00+00:00
[2025-04-06T18:17:00.869+0000] {processor.py:179} INFO - Processing /opt/airflow/dags/pipeline1_dag.py took 0.652 seconds
[2025-04-06T18:17:31.089+0000] {processor.py:157} INFO - Started process (PID=196) to work on /opt/airflow/dags/pipeline1_dag.py
[2025-04-06T18:17:31.093+0000] {processor.py:829} INFO - Processing file /opt/airflow/dags/pipeline1_dag.py for tasks to queue
[2025-04-06T18:17:31.099+0000] {logging_mixin.py:151} INFO - [2025-04-06T18:17:31.097+0000] {dagbag.py:539} INFO - Filling up the DagBag from /opt/airflow/dags/pipeline1_dag.py
[2025-04-06T18:17:31.754+0000] {processor.py:839} INFO - DAG(s) dict_keys(['pipeline1_news_sentiment']) retrieved from /opt/airflow/dags/pipeline1_dag.py
[2025-04-06T18:17:31.783+0000] {logging_mixin.py:151} INFO - [2025-04-06T18:17:31.783+0000] {dag.py:2915} INFO - Sync 1 DAGs
[2025-04-06T18:17:31.809+0000] {logging_mixin.py:151} INFO - [2025-04-06T18:17:31.808+0000] {dag.py:3696} INFO - Setting next_dagrun for pipeline1_news_sentiment to 2025-04-04T19:00:00+00:00, run_after=2025-04-07T19:00:00+00:00
[2025-04-06T18:17:31.827+0000] {processor.py:179} INFO - Processing /opt/airflow/dags/pipeline1_dag.py took 0.764 seconds
[2025-04-06T18:18:02.033+0000] {processor.py:157} INFO - Started process (PID=201) to work on /opt/airflow/dags/pipeline1_dag.py
[2025-04-06T18:18:02.034+0000] {processor.py:829} INFO - Processing file /opt/airflow/dags/pipeline1_dag.py for tasks to queue
[2025-04-06T18:18:02.035+0000] {logging_mixin.py:151} INFO - [2025-04-06T18:18:02.034+0000] {dagbag.py:539} INFO - Filling up the DagBag from /opt/airflow/dags/pipeline1_dag.py
[2025-04-06T18:18:02.128+0000] {processor.py:839} INFO - DAG(s) dict_keys(['pipeline1_news_sentiment']) retrieved from /opt/airflow/dags/pipeline1_dag.py
[2025-04-06T18:18:02.157+0000] {logging_mixin.py:151} INFO - [2025-04-06T18:18:02.157+0000] {dag.py:2915} INFO - Sync 1 DAGs
[2025-04-06T18:18:02.177+0000] {logging_mixin.py:151} INFO - [2025-04-06T18:18:02.176+0000] {dag.py:3696} INFO - Setting next_dagrun for pipeline1_news_sentiment to 2025-04-04T19:00:00+00:00, run_after=2025-04-07T19:00:00+00:00
[2025-04-06T18:18:02.193+0000] {processor.py:179} INFO - Processing /opt/airflow/dags/pipeline1_dag.py took 0.163 seconds
[2025-04-06T18:18:32.924+0000] {processor.py:157} INFO - Started process (PID=206) to work on /opt/airflow/dags/pipeline1_dag.py
[2025-04-06T18:18:32.937+0000] {processor.py:829} INFO - Processing file /opt/airflow/dags/pipeline1_dag.py for tasks to queue
[2025-04-06T18:18:32.956+0000] {logging_mixin.py:151} INFO - [2025-04-06T18:18:32.946+0000] {dagbag.py:539} INFO - Filling up the DagBag from /opt/airflow/dags/pipeline1_dag.py
[2025-04-06T18:18:34.454+0000] {processor.py:839} INFO - DAG(s) dict_keys(['pipeline1_news_sentiment']) retrieved from /opt/airflow/dags/pipeline1_dag.py
[2025-04-06T18:18:34.803+0000] {logging_mixin.py:151} INFO - [2025-04-06T18:18:34.793+0000] {dag.py:2915} INFO - Sync 1 DAGs
[2025-04-06T18:18:34.948+0000] {logging_mixin.py:151} INFO - [2025-04-06T18:18:34.945+0000] {dag.py:3696} INFO - Setting next_dagrun for pipeline1_news_sentiment to 2025-04-04T19:00:00+00:00, run_after=2025-04-07T19:00:00+00:00
[2025-04-06T18:18:35.042+0000] {processor.py:179} INFO - Processing /opt/airflow/dags/pipeline1_dag.py took 2.171 seconds
[2025-04-06T18:20:29.556+0000] {processor.py:157} INFO - Started process (PID=167) to work on /opt/airflow/dags/pipeline1_dag.py
[2025-04-06T18:20:29.560+0000] {processor.py:829} INFO - Processing file /opt/airflow/dags/pipeline1_dag.py for tasks to queue
[2025-04-06T18:20:29.565+0000] {logging_mixin.py:151} INFO - [2025-04-06T18:20:29.565+0000] {dagbag.py:539} INFO - Filling up the DagBag from /opt/airflow/dags/pipeline1_dag.py
[2025-04-06T18:20:30.017+0000] {processor.py:839} INFO - DAG(s) dict_keys(['pipeline1_news_sentiment']) retrieved from /opt/airflow/dags/pipeline1_dag.py
[2025-04-06T18:20:30.210+0000] {logging_mixin.py:151} INFO - [2025-04-06T18:20:30.210+0000] {manager.py:499} INFO - Created Permission View: %s
[2025-04-06T18:20:30.216+0000] {logging_mixin.py:151} INFO - [2025-04-06T18:20:30.216+0000] {manager.py:499} INFO - Created Permission View: %s
[2025-04-06T18:20:30.219+0000] {logging_mixin.py:151} INFO - [2025-04-06T18:20:30.219+0000] {manager.py:499} INFO - Created Permission View: %s
[2025-04-06T18:20:30.220+0000] {logging_mixin.py:151} INFO - [2025-04-06T18:20:30.219+0000] {security.py:708} INFO - Not syncing DAG-level permissions for DAG 'DAG:pipeline1_news_sentiment' as access control is unset.
[2025-04-06T18:20:30.220+0000] {logging_mixin.py:151} INFO - [2025-04-06T18:20:30.220+0000] {dag.py:2915} INFO - Sync 1 DAGs
[2025-04-06T18:20:30.230+0000] {logging_mixin.py:151} INFO - [2025-04-06T18:20:30.230+0000] {dag.py:2937} INFO - Creating ORM DAG for pipeline1_news_sentiment
[2025-04-06T18:20:30.238+0000] {logging_mixin.py:151} INFO - [2025-04-06T18:20:30.238+0000] {dag.py:3696} INFO - Setting next_dagrun for pipeline1_news_sentiment to 2025-04-03T19:00:00+00:00, run_after=2025-04-04T19:00:00+00:00
[2025-04-06T18:20:30.253+0000] {processor.py:179} INFO - Processing /opt/airflow/dags/pipeline1_dag.py took 0.706 seconds
[2025-04-06T18:21:00.805+0000] {processor.py:157} INFO - Started process (PID=178) to work on /opt/airflow/dags/pipeline1_dag.py
[2025-04-06T18:21:00.808+0000] {processor.py:829} INFO - Processing file /opt/airflow/dags/pipeline1_dag.py for tasks to queue
[2025-04-06T18:21:00.809+0000] {logging_mixin.py:151} INFO - [2025-04-06T18:21:00.809+0000] {dagbag.py:539} INFO - Filling up the DagBag from /opt/airflow/dags/pipeline1_dag.py
[2025-04-06T18:21:01.406+0000] {processor.py:839} INFO - DAG(s) dict_keys(['pipeline1_news_sentiment']) retrieved from /opt/airflow/dags/pipeline1_dag.py
[2025-04-06T18:21:01.426+0000] {logging_mixin.py:151} INFO - [2025-04-06T18:21:01.425+0000] {dag.py:2915} INFO - Sync 1 DAGs
[2025-04-06T18:21:01.455+0000] {logging_mixin.py:151} INFO - [2025-04-06T18:21:01.454+0000] {dag.py:3696} INFO - Setting next_dagrun for pipeline1_news_sentiment to 2025-04-03T19:00:00+00:00, run_after=2025-04-04T19:00:00+00:00
[2025-04-06T18:21:01.489+0000] {processor.py:179} INFO - Processing /opt/airflow/dags/pipeline1_dag.py took 0.687 seconds
[2025-04-06T18:21:31.733+0000] {processor.py:157} INFO - Started process (PID=198) to work on /opt/airflow/dags/pipeline1_dag.py
[2025-04-06T18:21:31.734+0000] {processor.py:829} INFO - Processing file /opt/airflow/dags/pipeline1_dag.py for tasks to queue
[2025-04-06T18:21:31.735+0000] {logging_mixin.py:151} INFO - [2025-04-06T18:21:31.734+0000] {dagbag.py:539} INFO - Filling up the DagBag from /opt/airflow/dags/pipeline1_dag.py
[2025-04-06T18:21:31.995+0000] {processor.py:839} INFO - DAG(s) dict_keys(['pipeline1_news_sentiment']) retrieved from /opt/airflow/dags/pipeline1_dag.py
[2025-04-06T18:21:32.012+0000] {logging_mixin.py:151} INFO - [2025-04-06T18:21:32.011+0000] {dag.py:2915} INFO - Sync 1 DAGs
[2025-04-06T18:21:32.025+0000] {logging_mixin.py:151} INFO - [2025-04-06T18:21:32.025+0000] {dag.py:3696} INFO - Setting next_dagrun for pipeline1_news_sentiment to 2025-04-03T19:00:00+00:00, run_after=2025-04-04T19:00:00+00:00
[2025-04-06T18:21:32.114+0000] {processor.py:179} INFO - Processing /opt/airflow/dags/pipeline1_dag.py took 0.385 seconds
[2025-04-06T18:22:02.427+0000] {processor.py:157} INFO - Started process (PID=209) to work on /opt/airflow/dags/pipeline1_dag.py
[2025-04-06T18:22:02.432+0000] {processor.py:829} INFO - Processing file /opt/airflow/dags/pipeline1_dag.py for tasks to queue
[2025-04-06T18:22:02.445+0000] {logging_mixin.py:151} INFO - [2025-04-06T18:22:02.440+0000] {dagbag.py:539} INFO - Filling up the DagBag from /opt/airflow/dags/pipeline1_dag.py
[2025-04-06T18:22:05.769+0000] {processor.py:839} INFO - DAG(s) dict_keys(['pipeline1_news_sentiment']) retrieved from /opt/airflow/dags/pipeline1_dag.py
[2025-04-06T18:22:05.933+0000] {logging_mixin.py:151} INFO - [2025-04-06T18:22:05.931+0000] {dag.py:2915} INFO - Sync 1 DAGs
[2025-04-06T18:22:06.006+0000] {logging_mixin.py:151} INFO - [2025-04-06T18:22:06.006+0000] {dag.py:3696} INFO - Setting next_dagrun for pipeline1_news_sentiment to 2025-04-03T19:00:00+00:00, run_after=2025-04-04T19:00:00+00:00
[2025-04-06T18:22:06.033+0000] {processor.py:179} INFO - Processing /opt/airflow/dags/pipeline1_dag.py took 3.658 seconds
[2025-04-06T18:22:36.467+0000] {processor.py:157} INFO - Started process (PID=220) to work on /opt/airflow/dags/pipeline1_dag.py
[2025-04-06T18:22:36.468+0000] {processor.py:829} INFO - Processing file /opt/airflow/dags/pipeline1_dag.py for tasks to queue
[2025-04-06T18:22:36.470+0000] {logging_mixin.py:151} INFO - [2025-04-06T18:22:36.469+0000] {dagbag.py:539} INFO - Filling up the DagBag from /opt/airflow/dags/pipeline1_dag.py
[2025-04-06T18:22:36.913+0000] {processor.py:839} INFO - DAG(s) dict_keys(['pipeline1_news_sentiment']) retrieved from /opt/airflow/dags/pipeline1_dag.py
[2025-04-06T18:22:36.945+0000] {logging_mixin.py:151} INFO - [2025-04-06T18:22:36.944+0000] {dag.py:2915} INFO - Sync 1 DAGs
[2025-04-06T18:22:36.959+0000] {logging_mixin.py:151} INFO - [2025-04-06T18:22:36.959+0000] {dag.py:3696} INFO - Setting next_dagrun for pipeline1_news_sentiment to 2025-04-03T19:00:00+00:00, run_after=2025-04-04T19:00:00+00:00
[2025-04-06T18:22:36.970+0000] {processor.py:179} INFO - Processing /opt/airflow/dags/pipeline1_dag.py took 0.512 seconds
[2025-04-06T18:23:07.299+0000] {processor.py:157} INFO - Started process (PID=231) to work on /opt/airflow/dags/pipeline1_dag.py
[2025-04-06T18:23:07.303+0000] {processor.py:829} INFO - Processing file /opt/airflow/dags/pipeline1_dag.py for tasks to queue
[2025-04-06T18:23:07.313+0000] {logging_mixin.py:151} INFO - [2025-04-06T18:23:07.309+0000] {dagbag.py:539} INFO - Filling up the DagBag from /opt/airflow/dags/pipeline1_dag.py
[2025-04-06T18:23:07.464+0000] {processor.py:839} INFO - DAG(s) dict_keys(['pipeline1_news_sentiment']) retrieved from /opt/airflow/dags/pipeline1_dag.py
[2025-04-06T18:23:07.517+0000] {logging_mixin.py:151} INFO - [2025-04-06T18:23:07.517+0000] {dag.py:2915} INFO - Sync 1 DAGs
[2025-04-06T18:23:07.541+0000] {logging_mixin.py:151} INFO - [2025-04-06T18:23:07.541+0000] {dag.py:3696} INFO - Setting next_dagrun for pipeline1_news_sentiment to 2025-04-03T19:00:00+00:00, run_after=2025-04-04T19:00:00+00:00
[2025-04-06T18:23:07.556+0000] {processor.py:179} INFO - Processing /opt/airflow/dags/pipeline1_dag.py took 0.274 seconds
[2025-04-06T18:23:37.880+0000] {processor.py:157} INFO - Started process (PID=254) to work on /opt/airflow/dags/pipeline1_dag.py
[2025-04-06T18:23:37.883+0000] {processor.py:829} INFO - Processing file /opt/airflow/dags/pipeline1_dag.py for tasks to queue
[2025-04-06T18:23:37.885+0000] {logging_mixin.py:151} INFO - [2025-04-06T18:23:37.885+0000] {dagbag.py:539} INFO - Filling up the DagBag from /opt/airflow/dags/pipeline1_dag.py
[2025-04-06T18:23:38.017+0000] {processor.py:839} INFO - DAG(s) dict_keys(['pipeline1_news_sentiment']) retrieved from /opt/airflow/dags/pipeline1_dag.py
[2025-04-06T18:23:38.061+0000] {logging_mixin.py:151} INFO - [2025-04-06T18:23:38.060+0000] {dag.py:2915} INFO - Sync 1 DAGs
[2025-04-06T18:23:38.092+0000] {logging_mixin.py:151} INFO - [2025-04-06T18:23:38.091+0000] {dag.py:3696} INFO - Setting next_dagrun for pipeline1_news_sentiment to 2025-04-03T19:00:00+00:00, run_after=2025-04-04T19:00:00+00:00
[2025-04-06T18:23:38.111+0000] {processor.py:179} INFO - Processing /opt/airflow/dags/pipeline1_dag.py took 0.252 seconds
[2025-04-06T18:24:08.368+0000] {processor.py:157} INFO - Started process (PID=265) to work on /opt/airflow/dags/pipeline1_dag.py
[2025-04-06T18:24:08.371+0000] {processor.py:829} INFO - Processing file /opt/airflow/dags/pipeline1_dag.py for tasks to queue
[2025-04-06T18:24:08.376+0000] {logging_mixin.py:151} INFO - [2025-04-06T18:24:08.375+0000] {dagbag.py:539} INFO - Filling up the DagBag from /opt/airflow/dags/pipeline1_dag.py
[2025-04-06T18:24:08.695+0000] {processor.py:839} INFO - DAG(s) dict_keys(['pipeline1_news_sentiment']) retrieved from /opt/airflow/dags/pipeline1_dag.py
[2025-04-06T18:24:08.733+0000] {logging_mixin.py:151} INFO - [2025-04-06T18:24:08.732+0000] {dag.py:2915} INFO - Sync 1 DAGs
[2025-04-06T18:24:08.755+0000] {logging_mixin.py:151} INFO - [2025-04-06T18:24:08.755+0000] {dag.py:3696} INFO - Setting next_dagrun for pipeline1_news_sentiment to 2025-04-03T19:00:00+00:00, run_after=2025-04-04T19:00:00+00:00
[2025-04-06T18:24:08.773+0000] {processor.py:179} INFO - Processing /opt/airflow/dags/pipeline1_dag.py took 0.410 seconds
[2025-04-06T18:24:39.507+0000] {processor.py:157} INFO - Started process (PID=276) to work on /opt/airflow/dags/pipeline1_dag.py
[2025-04-06T18:24:39.516+0000] {processor.py:829} INFO - Processing file /opt/airflow/dags/pipeline1_dag.py for tasks to queue
[2025-04-06T18:24:39.532+0000] {logging_mixin.py:151} INFO - [2025-04-06T18:24:39.523+0000] {dagbag.py:539} INFO - Filling up the DagBag from /opt/airflow/dags/pipeline1_dag.py
[2025-04-06T18:24:40.108+0000] {processor.py:839} INFO - DAG(s) dict_keys(['pipeline1_news_sentiment']) retrieved from /opt/airflow/dags/pipeline1_dag.py
[2025-04-06T18:24:40.201+0000] {logging_mixin.py:151} INFO - [2025-04-06T18:24:40.200+0000] {dag.py:2915} INFO - Sync 1 DAGs
[2025-04-06T18:24:40.241+0000] {logging_mixin.py:151} INFO - [2025-04-06T18:24:40.241+0000] {dag.py:3696} INFO - Setting next_dagrun for pipeline1_news_sentiment to 2025-04-03T19:00:00+00:00, run_after=2025-04-04T19:00:00+00:00
[2025-04-06T18:24:40.262+0000] {processor.py:179} INFO - Processing /opt/airflow/dags/pipeline1_dag.py took 0.807 seconds
[2025-04-06T18:25:11.253+0000] {processor.py:157} INFO - Started process (PID=287) to work on /opt/airflow/dags/pipeline1_dag.py
[2025-04-06T18:25:11.312+0000] {processor.py:829} INFO - Processing file /opt/airflow/dags/pipeline1_dag.py for tasks to queue
[2025-04-06T18:25:11.338+0000] {logging_mixin.py:151} INFO - [2025-04-06T18:25:11.328+0000] {dagbag.py:539} INFO - Filling up the DagBag from /opt/airflow/dags/pipeline1_dag.py
[2025-04-06T18:25:12.137+0000] {processor.py:839} INFO - DAG(s) dict_keys(['pipeline1_news_sentiment']) retrieved from /opt/airflow/dags/pipeline1_dag.py
[2025-04-06T18:25:12.388+0000] {logging_mixin.py:151} INFO - [2025-04-06T18:25:12.387+0000] {dag.py:2915} INFO - Sync 1 DAGs
[2025-04-06T18:25:12.471+0000] {logging_mixin.py:151} INFO - [2025-04-06T18:25:12.470+0000] {dag.py:3696} INFO - Setting next_dagrun for pipeline1_news_sentiment to 2025-04-03T19:00:00+00:00, run_after=2025-04-04T19:00:00+00:00
[2025-04-06T18:25:12.520+0000] {processor.py:179} INFO - Processing /opt/airflow/dags/pipeline1_dag.py took 1.368 seconds
[2025-04-06T18:25:43.068+0000] {processor.py:157} INFO - Started process (PID=298) to work on /opt/airflow/dags/pipeline1_dag.py
[2025-04-06T18:25:43.071+0000] {processor.py:829} INFO - Processing file /opt/airflow/dags/pipeline1_dag.py for tasks to queue
[2025-04-06T18:25:43.073+0000] {logging_mixin.py:151} INFO - [2025-04-06T18:25:43.072+0000] {dagbag.py:539} INFO - Filling up the DagBag from /opt/airflow/dags/pipeline1_dag.py
[2025-04-06T18:25:43.565+0000] {processor.py:839} INFO - DAG(s) dict_keys(['pipeline1_news_sentiment']) retrieved from /opt/airflow/dags/pipeline1_dag.py
[2025-04-06T18:25:43.659+0000] {logging_mixin.py:151} INFO - [2025-04-06T18:25:43.658+0000] {dag.py:2915} INFO - Sync 1 DAGs
[2025-04-06T18:25:43.734+0000] {logging_mixin.py:151} INFO - [2025-04-06T18:25:43.733+0000] {dag.py:3696} INFO - Setting next_dagrun for pipeline1_news_sentiment to 2025-04-03T19:00:00+00:00, run_after=2025-04-04T19:00:00+00:00
[2025-04-06T18:25:43.782+0000] {processor.py:179} INFO - Processing /opt/airflow/dags/pipeline1_dag.py took 0.723 seconds
[2025-04-06T18:26:14.173+0000] {processor.py:157} INFO - Started process (PID=309) to work on /opt/airflow/dags/pipeline1_dag.py
[2025-04-06T18:26:14.175+0000] {processor.py:829} INFO - Processing file /opt/airflow/dags/pipeline1_dag.py for tasks to queue
[2025-04-06T18:26:14.177+0000] {logging_mixin.py:151} INFO - [2025-04-06T18:26:14.176+0000] {dagbag.py:539} INFO - Filling up the DagBag from /opt/airflow/dags/pipeline1_dag.py
[2025-04-06T18:26:14.333+0000] {processor.py:839} INFO - DAG(s) dict_keys(['pipeline1_news_sentiment']) retrieved from /opt/airflow/dags/pipeline1_dag.py
[2025-04-06T18:26:14.377+0000] {logging_mixin.py:151} INFO - [2025-04-06T18:26:14.376+0000] {dag.py:2915} INFO - Sync 1 DAGs
[2025-04-06T18:26:14.395+0000] {logging_mixin.py:151} INFO - [2025-04-06T18:26:14.395+0000] {dag.py:3696} INFO - Setting next_dagrun for pipeline1_news_sentiment to 2025-04-03T19:00:00+00:00, run_after=2025-04-04T19:00:00+00:00
[2025-04-06T18:26:14.407+0000] {processor.py:179} INFO - Processing /opt/airflow/dags/pipeline1_dag.py took 0.251 seconds
[2025-04-06T18:26:44.574+0000] {processor.py:157} INFO - Started process (PID=320) to work on /opt/airflow/dags/pipeline1_dag.py
[2025-04-06T18:26:44.575+0000] {processor.py:829} INFO - Processing file /opt/airflow/dags/pipeline1_dag.py for tasks to queue
[2025-04-06T18:26:44.579+0000] {logging_mixin.py:151} INFO - [2025-04-06T18:26:44.576+0000] {dagbag.py:539} INFO - Filling up the DagBag from /opt/airflow/dags/pipeline1_dag.py
[2025-04-06T18:26:44.724+0000] {processor.py:839} INFO - DAG(s) dict_keys(['pipeline1_news_sentiment']) retrieved from /opt/airflow/dags/pipeline1_dag.py
[2025-04-06T18:26:44.787+0000] {logging_mixin.py:151} INFO - [2025-04-06T18:26:44.785+0000] {dag.py:2915} INFO - Sync 1 DAGs
[2025-04-06T18:26:44.834+0000] {logging_mixin.py:151} INFO - [2025-04-06T18:26:44.834+0000] {dag.py:3696} INFO - Setting next_dagrun for pipeline1_news_sentiment to 2025-04-03T19:00:00+00:00, run_after=2025-04-04T19:00:00+00:00
[2025-04-06T18:26:44.896+0000] {processor.py:179} INFO - Processing /opt/airflow/dags/pipeline1_dag.py took 0.325 seconds
[2025-04-06T18:27:15.283+0000] {processor.py:157} INFO - Started process (PID=331) to work on /opt/airflow/dags/pipeline1_dag.py
[2025-04-06T18:27:15.303+0000] {processor.py:829} INFO - Processing file /opt/airflow/dags/pipeline1_dag.py for tasks to queue
[2025-04-06T18:27:15.312+0000] {logging_mixin.py:151} INFO - [2025-04-06T18:27:15.312+0000] {dagbag.py:539} INFO - Filling up the DagBag from /opt/airflow/dags/pipeline1_dag.py
[2025-04-06T18:27:15.651+0000] {processor.py:839} INFO - DAG(s) dict_keys(['pipeline1_news_sentiment']) retrieved from /opt/airflow/dags/pipeline1_dag.py
[2025-04-06T18:27:15.954+0000] {logging_mixin.py:151} INFO - [2025-04-06T18:27:15.942+0000] {dag.py:2915} INFO - Sync 1 DAGs
[2025-04-06T18:27:16.130+0000] {logging_mixin.py:151} INFO - [2025-04-06T18:27:16.124+0000] {dag.py:3696} INFO - Setting next_dagrun for pipeline1_news_sentiment to 2025-04-03T19:00:00+00:00, run_after=2025-04-04T19:00:00+00:00
[2025-04-06T18:27:16.224+0000] {processor.py:179} INFO - Processing /opt/airflow/dags/pipeline1_dag.py took 0.952 seconds
[2025-04-06T18:27:47.326+0000] {processor.py:157} INFO - Started process (PID=342) to work on /opt/airflow/dags/pipeline1_dag.py
[2025-04-06T18:27:47.337+0000] {processor.py:829} INFO - Processing file /opt/airflow/dags/pipeline1_dag.py for tasks to queue
[2025-04-06T18:27:47.367+0000] {logging_mixin.py:151} INFO - [2025-04-06T18:27:47.344+0000] {dagbag.py:539} INFO - Filling up the DagBag from /opt/airflow/dags/pipeline1_dag.py
[2025-04-06T18:27:48.808+0000] {processor.py:839} INFO - DAG(s) dict_keys(['pipeline1_news_sentiment']) retrieved from /opt/airflow/dags/pipeline1_dag.py
[2025-04-06T18:27:49.048+0000] {logging_mixin.py:151} INFO - [2025-04-06T18:27:49.046+0000] {dag.py:2915} INFO - Sync 1 DAGs
[2025-04-06T18:27:49.158+0000] {logging_mixin.py:151} INFO - [2025-04-06T18:27:49.158+0000] {dag.py:3696} INFO - Setting next_dagrun for pipeline1_news_sentiment to 2025-04-03T19:00:00+00:00, run_after=2025-04-04T19:00:00+00:00
[2025-04-06T18:27:49.230+0000] {processor.py:179} INFO - Processing /opt/airflow/dags/pipeline1_dag.py took 2.082 seconds
[2025-04-06T18:28:19.525+0000] {processor.py:157} INFO - Started process (PID=353) to work on /opt/airflow/dags/pipeline1_dag.py
[2025-04-06T18:28:19.528+0000] {processor.py:829} INFO - Processing file /opt/airflow/dags/pipeline1_dag.py for tasks to queue
[2025-04-06T18:28:19.530+0000] {logging_mixin.py:151} INFO - [2025-04-06T18:28:19.530+0000] {dagbag.py:539} INFO - Filling up the DagBag from /opt/airflow/dags/pipeline1_dag.py
[2025-04-06T18:28:19.664+0000] {processor.py:839} INFO - DAG(s) dict_keys(['pipeline1_news_sentiment']) retrieved from /opt/airflow/dags/pipeline1_dag.py
[2025-04-06T18:28:19.732+0000] {logging_mixin.py:151} INFO - [2025-04-06T18:28:19.732+0000] {dag.py:2915} INFO - Sync 1 DAGs
[2025-04-06T18:28:19.756+0000] {logging_mixin.py:151} INFO - [2025-04-06T18:28:19.756+0000] {dag.py:3696} INFO - Setting next_dagrun for pipeline1_news_sentiment to 2025-04-03T19:00:00+00:00, run_after=2025-04-04T19:00:00+00:00
[2025-04-06T18:28:19.772+0000] {processor.py:179} INFO - Processing /opt/airflow/dags/pipeline1_dag.py took 0.299 seconds
[2025-04-06T18:28:49.925+0000] {processor.py:157} INFO - Started process (PID=370) to work on /opt/airflow/dags/pipeline1_dag.py
[2025-04-06T18:28:49.932+0000] {processor.py:829} INFO - Processing file /opt/airflow/dags/pipeline1_dag.py for tasks to queue
[2025-04-06T18:28:49.938+0000] {logging_mixin.py:151} INFO - [2025-04-06T18:28:49.936+0000] {dagbag.py:539} INFO - Filling up the DagBag from /opt/airflow/dags/pipeline1_dag.py
[2025-04-06T18:28:50.165+0000] {processor.py:839} INFO - DAG(s) dict_keys(['pipeline1_news_sentiment']) retrieved from /opt/airflow/dags/pipeline1_dag.py
[2025-04-06T18:28:50.239+0000] {logging_mixin.py:151} INFO - [2025-04-06T18:28:50.238+0000] {dag.py:2915} INFO - Sync 1 DAGs
[2025-04-06T18:28:50.270+0000] {logging_mixin.py:151} INFO - [2025-04-06T18:28:50.270+0000] {dag.py:3696} INFO - Setting next_dagrun for pipeline1_news_sentiment to 2025-04-03T19:00:00+00:00, run_after=2025-04-04T19:00:00+00:00
[2025-04-06T18:28:50.289+0000] {processor.py:179} INFO - Processing /opt/airflow/dags/pipeline1_dag.py took 0.378 seconds
[2025-04-06T18:29:20.513+0000] {processor.py:157} INFO - Started process (PID=381) to work on /opt/airflow/dags/pipeline1_dag.py
[2025-04-06T18:29:20.515+0000] {processor.py:829} INFO - Processing file /opt/airflow/dags/pipeline1_dag.py for tasks to queue
[2025-04-06T18:29:20.516+0000] {logging_mixin.py:151} INFO - [2025-04-06T18:29:20.516+0000] {dagbag.py:539} INFO - Filling up the DagBag from /opt/airflow/dags/pipeline1_dag.py
[2025-04-06T18:29:20.711+0000] {processor.py:839} INFO - DAG(s) dict_keys(['pipeline1_news_sentiment']) retrieved from /opt/airflow/dags/pipeline1_dag.py
[2025-04-06T18:29:20.768+0000] {logging_mixin.py:151} INFO - [2025-04-06T18:29:20.767+0000] {dag.py:2915} INFO - Sync 1 DAGs
[2025-04-06T18:29:20.817+0000] {logging_mixin.py:151} INFO - [2025-04-06T18:29:20.816+0000] {dag.py:3696} INFO - Setting next_dagrun for pipeline1_news_sentiment to 2025-04-03T19:00:00+00:00, run_after=2025-04-04T19:00:00+00:00
[2025-04-06T18:29:20.837+0000] {processor.py:179} INFO - Processing /opt/airflow/dags/pipeline1_dag.py took 0.333 seconds
[2025-04-06T18:29:51.186+0000] {processor.py:157} INFO - Started process (PID=392) to work on /opt/airflow/dags/pipeline1_dag.py
[2025-04-06T18:29:51.188+0000] {processor.py:829} INFO - Processing file /opt/airflow/dags/pipeline1_dag.py for tasks to queue
[2025-04-06T18:29:51.189+0000] {logging_mixin.py:151} INFO - [2025-04-06T18:29:51.189+0000] {dagbag.py:539} INFO - Filling up the DagBag from /opt/airflow/dags/pipeline1_dag.py
[2025-04-06T18:29:51.332+0000] {processor.py:839} INFO - DAG(s) dict_keys(['pipeline1_news_sentiment']) retrieved from /opt/airflow/dags/pipeline1_dag.py
[2025-04-06T18:29:51.370+0000] {logging_mixin.py:151} INFO - [2025-04-06T18:29:51.369+0000] {dag.py:2915} INFO - Sync 1 DAGs
[2025-04-06T18:29:51.393+0000] {logging_mixin.py:151} INFO - [2025-04-06T18:29:51.393+0000] {dag.py:3696} INFO - Setting next_dagrun for pipeline1_news_sentiment to 2025-04-03T19:00:00+00:00, run_after=2025-04-04T19:00:00+00:00
[2025-04-06T18:29:51.409+0000] {processor.py:179} INFO - Processing /opt/airflow/dags/pipeline1_dag.py took 0.232 seconds
[2025-04-06T18:30:21.865+0000] {processor.py:157} INFO - Started process (PID=403) to work on /opt/airflow/dags/pipeline1_dag.py
[2025-04-06T18:30:21.919+0000] {processor.py:829} INFO - Processing file /opt/airflow/dags/pipeline1_dag.py for tasks to queue
[2025-04-06T18:30:21.942+0000] {logging_mixin.py:151} INFO - [2025-04-06T18:30:21.941+0000] {dagbag.py:539} INFO - Filling up the DagBag from /opt/airflow/dags/pipeline1_dag.py
[2025-04-06T18:30:22.482+0000] {processor.py:839} INFO - DAG(s) dict_keys(['pipeline1_news_sentiment']) retrieved from /opt/airflow/dags/pipeline1_dag.py
[2025-04-06T18:30:22.625+0000] {logging_mixin.py:151} INFO - [2025-04-06T18:30:22.625+0000] {dag.py:2915} INFO - Sync 1 DAGs
[2025-04-06T18:30:22.770+0000] {logging_mixin.py:151} INFO - [2025-04-06T18:30:22.769+0000] {dag.py:3696} INFO - Setting next_dagrun for pipeline1_news_sentiment to 2025-04-03T19:00:00+00:00, run_after=2025-04-04T19:00:00+00:00
[2025-04-06T18:30:22.838+0000] {processor.py:179} INFO - Processing /opt/airflow/dags/pipeline1_dag.py took 0.992 seconds
[2025-04-06T18:30:53.244+0000] {processor.py:157} INFO - Started process (PID=414) to work on /opt/airflow/dags/pipeline1_dag.py
[2025-04-06T18:30:53.246+0000] {processor.py:829} INFO - Processing file /opt/airflow/dags/pipeline1_dag.py for tasks to queue
[2025-04-06T18:30:53.248+0000] {logging_mixin.py:151} INFO - [2025-04-06T18:30:53.247+0000] {dagbag.py:539} INFO - Filling up the DagBag from /opt/airflow/dags/pipeline1_dag.py
[2025-04-06T18:30:53.362+0000] {processor.py:839} INFO - DAG(s) dict_keys(['pipeline1_news_sentiment']) retrieved from /opt/airflow/dags/pipeline1_dag.py
[2025-04-06T18:30:53.406+0000] {logging_mixin.py:151} INFO - [2025-04-06T18:30:53.405+0000] {dag.py:2915} INFO - Sync 1 DAGs
[2025-04-06T18:30:53.424+0000] {logging_mixin.py:151} INFO - [2025-04-06T18:30:53.424+0000] {dag.py:3696} INFO - Setting next_dagrun for pipeline1_news_sentiment to 2025-04-03T19:00:00+00:00, run_after=2025-04-04T19:00:00+00:00
[2025-04-06T18:30:53.440+0000] {processor.py:179} INFO - Processing /opt/airflow/dags/pipeline1_dag.py took 0.202 seconds
[2025-04-06T18:31:23.781+0000] {processor.py:157} INFO - Started process (PID=425) to work on /opt/airflow/dags/pipeline1_dag.py
[2025-04-06T18:31:23.782+0000] {processor.py:829} INFO - Processing file /opt/airflow/dags/pipeline1_dag.py for tasks to queue
[2025-04-06T18:31:23.782+0000] {logging_mixin.py:151} INFO - [2025-04-06T18:31:23.782+0000] {dagbag.py:539} INFO - Filling up the DagBag from /opt/airflow/dags/pipeline1_dag.py
[2025-04-06T18:31:23.850+0000] {processor.py:839} INFO - DAG(s) dict_keys(['pipeline1_news_sentiment']) retrieved from /opt/airflow/dags/pipeline1_dag.py
[2025-04-06T18:31:23.870+0000] {logging_mixin.py:151} INFO - [2025-04-06T18:31:23.869+0000] {dag.py:2915} INFO - Sync 1 DAGs
[2025-04-06T18:31:23.882+0000] {logging_mixin.py:151} INFO - [2025-04-06T18:31:23.882+0000] {dag.py:3696} INFO - Setting next_dagrun for pipeline1_news_sentiment to 2025-04-03T19:00:00+00:00, run_after=2025-04-04T19:00:00+00:00
[2025-04-06T18:31:23.891+0000] {processor.py:179} INFO - Processing /opt/airflow/dags/pipeline1_dag.py took 0.149 seconds
[2025-04-06T18:31:54.460+0000] {processor.py:157} INFO - Started process (PID=434) to work on /opt/airflow/dags/pipeline1_dag.py
[2025-04-06T18:31:54.469+0000] {processor.py:829} INFO - Processing file /opt/airflow/dags/pipeline1_dag.py for tasks to queue
[2025-04-06T18:31:54.474+0000] {logging_mixin.py:151} INFO - [2025-04-06T18:31:54.473+0000] {dagbag.py:539} INFO - Filling up the DagBag from /opt/airflow/dags/pipeline1_dag.py
[2025-04-06T18:31:54.580+0000] {processor.py:839} INFO - DAG(s) dict_keys(['pipeline1_news_sentiment']) retrieved from /opt/airflow/dags/pipeline1_dag.py
[2025-04-06T18:31:54.599+0000] {logging_mixin.py:151} INFO - [2025-04-06T18:31:54.599+0000] {dag.py:2915} INFO - Sync 1 DAGs
[2025-04-06T18:31:54.610+0000] {logging_mixin.py:151} INFO - [2025-04-06T18:31:54.610+0000] {dag.py:3696} INFO - Setting next_dagrun for pipeline1_news_sentiment to 2025-04-03T19:00:00+00:00, run_after=2025-04-04T19:00:00+00:00
[2025-04-06T18:31:54.620+0000] {processor.py:179} INFO - Processing /opt/airflow/dags/pipeline1_dag.py took 0.191 seconds
[2025-04-06T18:32:24.958+0000] {processor.py:157} INFO - Started process (PID=444) to work on /opt/airflow/dags/pipeline1_dag.py
[2025-04-06T18:32:24.959+0000] {processor.py:829} INFO - Processing file /opt/airflow/dags/pipeline1_dag.py for tasks to queue
[2025-04-06T18:32:24.960+0000] {logging_mixin.py:151} INFO - [2025-04-06T18:32:24.960+0000] {dagbag.py:539} INFO - Filling up the DagBag from /opt/airflow/dags/pipeline1_dag.py
[2025-04-06T18:32:25.035+0000] {processor.py:839} INFO - DAG(s) dict_keys(['pipeline1_news_sentiment']) retrieved from /opt/airflow/dags/pipeline1_dag.py
[2025-04-06T18:32:25.053+0000] {logging_mixin.py:151} INFO - [2025-04-06T18:32:25.053+0000] {dag.py:2915} INFO - Sync 1 DAGs
[2025-04-06T18:32:25.066+0000] {logging_mixin.py:151} INFO - [2025-04-06T18:32:25.066+0000] {dag.py:3696} INFO - Setting next_dagrun for pipeline1_news_sentiment to 2025-04-03T19:00:00+00:00, run_after=2025-04-04T19:00:00+00:00
[2025-04-06T18:32:25.074+0000] {processor.py:179} INFO - Processing /opt/airflow/dags/pipeline1_dag.py took 0.120 seconds
[2025-04-06T18:32:55.469+0000] {processor.py:157} INFO - Started process (PID=455) to work on /opt/airflow/dags/pipeline1_dag.py
[2025-04-06T18:32:55.471+0000] {processor.py:829} INFO - Processing file /opt/airflow/dags/pipeline1_dag.py for tasks to queue
[2025-04-06T18:32:55.474+0000] {logging_mixin.py:151} INFO - [2025-04-06T18:32:55.473+0000] {dagbag.py:539} INFO - Filling up the DagBag from /opt/airflow/dags/pipeline1_dag.py
[2025-04-06T18:32:55.535+0000] {processor.py:839} INFO - DAG(s) dict_keys(['pipeline1_news_sentiment']) retrieved from /opt/airflow/dags/pipeline1_dag.py
[2025-04-06T18:32:55.549+0000] {logging_mixin.py:151} INFO - [2025-04-06T18:32:55.549+0000] {dag.py:2915} INFO - Sync 1 DAGs
[2025-04-06T18:32:55.560+0000] {logging_mixin.py:151} INFO - [2025-04-06T18:32:55.560+0000] {dag.py:3696} INFO - Setting next_dagrun for pipeline1_news_sentiment to 2025-04-03T19:00:00+00:00, run_after=2025-04-04T19:00:00+00:00
[2025-04-06T18:32:55.568+0000] {processor.py:179} INFO - Processing /opt/airflow/dags/pipeline1_dag.py took 0.101 seconds
[2025-04-06T18:33:25.878+0000] {processor.py:157} INFO - Started process (PID=466) to work on /opt/airflow/dags/pipeline1_dag.py
[2025-04-06T18:33:25.880+0000] {processor.py:829} INFO - Processing file /opt/airflow/dags/pipeline1_dag.py for tasks to queue
[2025-04-06T18:33:25.880+0000] {logging_mixin.py:151} INFO - [2025-04-06T18:33:25.880+0000] {dagbag.py:539} INFO - Filling up the DagBag from /opt/airflow/dags/pipeline1_dag.py
[2025-04-06T18:33:25.955+0000] {processor.py:839} INFO - DAG(s) dict_keys(['pipeline1_news_sentiment']) retrieved from /opt/airflow/dags/pipeline1_dag.py
[2025-04-06T18:33:25.969+0000] {logging_mixin.py:151} INFO - [2025-04-06T18:33:25.969+0000] {dag.py:2915} INFO - Sync 1 DAGs
[2025-04-06T18:33:25.992+0000] {logging_mixin.py:151} INFO - [2025-04-06T18:33:25.985+0000] {dag.py:3696} INFO - Setting next_dagrun for pipeline1_news_sentiment to 2025-04-03T19:00:00+00:00, run_after=2025-04-04T19:00:00+00:00
[2025-04-06T18:33:26.020+0000] {processor.py:179} INFO - Processing /opt/airflow/dags/pipeline1_dag.py took 0.144 seconds
[2025-04-06T18:33:56.285+0000] {processor.py:157} INFO - Started process (PID=474) to work on /opt/airflow/dags/pipeline1_dag.py
[2025-04-06T18:33:56.286+0000] {processor.py:829} INFO - Processing file /opt/airflow/dags/pipeline1_dag.py for tasks to queue
[2025-04-06T18:33:56.287+0000] {logging_mixin.py:151} INFO - [2025-04-06T18:33:56.287+0000] {dagbag.py:539} INFO - Filling up the DagBag from /opt/airflow/dags/pipeline1_dag.py
[2025-04-06T18:33:56.359+0000] {processor.py:839} INFO - DAG(s) dict_keys(['pipeline1_news_sentiment']) retrieved from /opt/airflow/dags/pipeline1_dag.py
[2025-04-06T18:33:56.372+0000] {logging_mixin.py:151} INFO - [2025-04-06T18:33:56.372+0000] {dag.py:2915} INFO - Sync 1 DAGs
[2025-04-06T18:33:56.382+0000] {logging_mixin.py:151} INFO - [2025-04-06T18:33:56.382+0000] {dag.py:3696} INFO - Setting next_dagrun for pipeline1_news_sentiment to 2025-04-03T19:00:00+00:00, run_after=2025-04-04T19:00:00+00:00
[2025-04-06T18:33:56.389+0000] {processor.py:179} INFO - Processing /opt/airflow/dags/pipeline1_dag.py took 0.109 seconds
[2025-04-06T18:34:26.747+0000] {processor.py:157} INFO - Started process (PID=488) to work on /opt/airflow/dags/pipeline1_dag.py
[2025-04-06T18:34:26.750+0000] {processor.py:829} INFO - Processing file /opt/airflow/dags/pipeline1_dag.py for tasks to queue
[2025-04-06T18:34:26.752+0000] {logging_mixin.py:151} INFO - [2025-04-06T18:34:26.752+0000] {dagbag.py:539} INFO - Filling up the DagBag from /opt/airflow/dags/pipeline1_dag.py
[2025-04-06T18:34:26.820+0000] {processor.py:839} INFO - DAG(s) dict_keys(['pipeline1_news_sentiment']) retrieved from /opt/airflow/dags/pipeline1_dag.py
[2025-04-06T18:34:26.834+0000] {logging_mixin.py:151} INFO - [2025-04-06T18:34:26.834+0000] {dag.py:2915} INFO - Sync 1 DAGs
[2025-04-06T18:34:26.845+0000] {logging_mixin.py:151} INFO - [2025-04-06T18:34:26.844+0000] {dag.py:3696} INFO - Setting next_dagrun for pipeline1_news_sentiment to 2025-04-03T19:00:00+00:00, run_after=2025-04-04T19:00:00+00:00
[2025-04-06T18:34:26.852+0000] {processor.py:179} INFO - Processing /opt/airflow/dags/pipeline1_dag.py took 0.109 seconds
[2025-04-06T18:34:57.259+0000] {processor.py:157} INFO - Started process (PID=499) to work on /opt/airflow/dags/pipeline1_dag.py
[2025-04-06T18:34:57.261+0000] {processor.py:829} INFO - Processing file /opt/airflow/dags/pipeline1_dag.py for tasks to queue
[2025-04-06T18:34:57.262+0000] {logging_mixin.py:151} INFO - [2025-04-06T18:34:57.262+0000] {dagbag.py:539} INFO - Filling up the DagBag from /opt/airflow/dags/pipeline1_dag.py
[2025-04-06T18:34:57.333+0000] {processor.py:839} INFO - DAG(s) dict_keys(['pipeline1_news_sentiment']) retrieved from /opt/airflow/dags/pipeline1_dag.py
[2025-04-06T18:34:57.349+0000] {logging_mixin.py:151} INFO - [2025-04-06T18:34:57.348+0000] {dag.py:2915} INFO - Sync 1 DAGs
[2025-04-06T18:34:57.359+0000] {logging_mixin.py:151} INFO - [2025-04-06T18:34:57.359+0000] {dag.py:3696} INFO - Setting next_dagrun for pipeline1_news_sentiment to 2025-04-03T19:00:00+00:00, run_after=2025-04-04T19:00:00+00:00
[2025-04-06T18:34:57.368+0000] {processor.py:179} INFO - Processing /opt/airflow/dags/pipeline1_dag.py took 0.113 seconds
[2025-04-06T18:35:27.698+0000] {processor.py:157} INFO - Started process (PID=507) to work on /opt/airflow/dags/pipeline1_dag.py
[2025-04-06T18:35:27.699+0000] {processor.py:829} INFO - Processing file /opt/airflow/dags/pipeline1_dag.py for tasks to queue
[2025-04-06T18:35:27.700+0000] {logging_mixin.py:151} INFO - [2025-04-06T18:35:27.700+0000] {dagbag.py:539} INFO - Filling up the DagBag from /opt/airflow/dags/pipeline1_dag.py
[2025-04-06T18:35:27.769+0000] {processor.py:839} INFO - DAG(s) dict_keys(['pipeline1_news_sentiment']) retrieved from /opt/airflow/dags/pipeline1_dag.py
[2025-04-06T18:35:27.781+0000] {logging_mixin.py:151} INFO - [2025-04-06T18:35:27.781+0000] {dag.py:2915} INFO - Sync 1 DAGs
[2025-04-06T18:35:27.791+0000] {logging_mixin.py:151} INFO - [2025-04-06T18:35:27.791+0000] {dag.py:3696} INFO - Setting next_dagrun for pipeline1_news_sentiment to 2025-04-03T19:00:00+00:00, run_after=2025-04-04T19:00:00+00:00
[2025-04-06T18:35:27.799+0000] {processor.py:179} INFO - Processing /opt/airflow/dags/pipeline1_dag.py took 0.105 seconds
