[2025-04-06T18:20:29.528+0000] {processor.py:157} INFO - Started process (PID=164) to work on /opt/airflow/dags/ticker_sentiment_analysis.py
[2025-04-06T18:20:29.530+0000] {processor.py:829} INFO - Processing file /opt/airflow/dags/ticker_sentiment_analysis.py for tasks to queue
[2025-04-06T18:20:29.534+0000] {logging_mixin.py:151} INFO - [2025-04-06T18:20:29.533+0000] {dagbag.py:539} INFO - Filling up the DagBag from /opt/airflow/dags/ticker_sentiment_analysis.py
[2025-04-06T18:20:30.545+0000] {processor.py:839} INFO - DAG(s) dict_keys(['ticker_sentiment_analysis']) retrieved from /opt/airflow/dags/ticker_sentiment_analysis.py
[2025-04-06T18:20:30.613+0000] {logging_mixin.py:151} INFO - [2025-04-06T18:20:30.613+0000] {manager.py:499} INFO - Created Permission View: %s
[2025-04-06T18:20:30.619+0000] {logging_mixin.py:151} INFO - [2025-04-06T18:20:30.619+0000] {manager.py:499} INFO - Created Permission View: %s
[2025-04-06T18:20:30.625+0000] {logging_mixin.py:151} INFO - [2025-04-06T18:20:30.625+0000] {manager.py:499} INFO - Created Permission View: %s
[2025-04-06T18:20:30.625+0000] {logging_mixin.py:151} INFO - [2025-04-06T18:20:30.625+0000] {security.py:708} INFO - Not syncing DAG-level permissions for DAG 'DAG:ticker_sentiment_analysis' as access control is unset.
[2025-04-06T18:20:30.626+0000] {logging_mixin.py:151} INFO - [2025-04-06T18:20:30.625+0000] {dag.py:2915} INFO - Sync 1 DAGs
[2025-04-06T18:20:30.632+0000] {logging_mixin.py:151} INFO - [2025-04-06T18:20:30.632+0000] {dag.py:2937} INFO - Creating ORM DAG for ticker_sentiment_analysis
[2025-04-06T18:20:30.638+0000] {logging_mixin.py:151} INFO - [2025-04-06T18:20:30.638+0000] {dag.py:3696} INFO - Setting next_dagrun for ticker_sentiment_analysis to 2025-04-07T19:00:00+00:00, run_after=2025-04-08T19:00:00+00:00
[2025-04-06T18:20:30.648+0000] {processor.py:179} INFO - Processing /opt/airflow/dags/ticker_sentiment_analysis.py took 1.126 seconds
[2025-04-06T18:21:00.789+0000] {processor.py:157} INFO - Started process (PID=175) to work on /opt/airflow/dags/ticker_sentiment_analysis.py
[2025-04-06T18:21:00.791+0000] {processor.py:829} INFO - Processing file /opt/airflow/dags/ticker_sentiment_analysis.py for tasks to queue
[2025-04-06T18:21:00.802+0000] {logging_mixin.py:151} INFO - [2025-04-06T18:21:00.800+0000] {dagbag.py:539} INFO - Filling up the DagBag from /opt/airflow/dags/ticker_sentiment_analysis.py
[2025-04-06T18:21:01.336+0000] {processor.py:839} INFO - DAG(s) dict_keys(['ticker_sentiment_analysis']) retrieved from /opt/airflow/dags/ticker_sentiment_analysis.py
[2025-04-06T18:21:01.363+0000] {logging_mixin.py:151} INFO - [2025-04-06T18:21:01.363+0000] {dag.py:2915} INFO - Sync 1 DAGs
[2025-04-06T18:21:01.411+0000] {logging_mixin.py:151} INFO - [2025-04-06T18:21:01.411+0000] {dag.py:3696} INFO - Setting next_dagrun for ticker_sentiment_analysis to 2025-04-07T19:00:00+00:00, run_after=2025-04-08T19:00:00+00:00
[2025-04-06T18:21:01.437+0000] {processor.py:179} INFO - Processing /opt/airflow/dags/ticker_sentiment_analysis.py took 0.651 seconds
[2025-04-06T18:21:10.603+0000] {processor.py:157} INFO - Started process (PID=186) to work on /opt/airflow/dags/ticker_sentiment_analysis.py
[2025-04-06T18:21:10.605+0000] {processor.py:829} INFO - Processing file /opt/airflow/dags/ticker_sentiment_analysis.py for tasks to queue
[2025-04-06T18:21:10.607+0000] {logging_mixin.py:151} INFO - [2025-04-06T18:21:10.606+0000] {dagbag.py:539} INFO - Filling up the DagBag from /opt/airflow/dags/ticker_sentiment_analysis.py
[2025-04-06T18:21:11.259+0000] {processor.py:839} INFO - DAG(s) dict_keys(['ticker_sentiment_analysis']) retrieved from /opt/airflow/dags/ticker_sentiment_analysis.py
[2025-04-06T18:21:11.293+0000] {logging_mixin.py:151} INFO - [2025-04-06T18:21:11.292+0000] {dag.py:2915} INFO - Sync 1 DAGs
[2025-04-06T18:21:11.310+0000] {logging_mixin.py:151} INFO - [2025-04-06T18:21:11.310+0000] {dag.py:3696} INFO - Setting next_dagrun for ticker_sentiment_analysis to 2025-04-07T19:00:00+00:00, run_after=2025-04-08T19:00:00+00:00
[2025-04-06T18:21:11.324+0000] {processor.py:179} INFO - Processing /opt/airflow/dags/ticker_sentiment_analysis.py took 0.727 seconds
[2025-04-06T18:21:16.391+0000] {processor.py:157} INFO - Started process (PID=192) to work on /opt/airflow/dags/ticker_sentiment_analysis.py
[2025-04-06T18:21:16.391+0000] {processor.py:829} INFO - Processing file /opt/airflow/dags/ticker_sentiment_analysis.py for tasks to queue
[2025-04-06T18:21:16.392+0000] {logging_mixin.py:151} INFO - [2025-04-06T18:21:16.392+0000] {dagbag.py:539} INFO - Filling up the DagBag from /opt/airflow/dags/ticker_sentiment_analysis.py
[2025-04-06T18:21:16.784+0000] {processor.py:839} INFO - DAG(s) dict_keys(['ticker_sentiment_analysis']) retrieved from /opt/airflow/dags/ticker_sentiment_analysis.py
[2025-04-06T18:21:16.809+0000] {logging_mixin.py:151} INFO - [2025-04-06T18:21:16.808+0000] {dag.py:2915} INFO - Sync 1 DAGs
[2025-04-06T18:21:16.829+0000] {logging_mixin.py:151} INFO - [2025-04-06T18:21:16.829+0000] {dag.py:3696} INFO - Setting next_dagrun for ticker_sentiment_analysis to 2025-04-07T19:00:00+00:00, run_after=2025-04-08T19:00:00+00:00
[2025-04-06T18:21:16.842+0000] {processor.py:179} INFO - Processing /opt/airflow/dags/ticker_sentiment_analysis.py took 0.455 seconds
[2025-04-06T18:21:47.655+0000] {processor.py:157} INFO - Started process (PID=203) to work on /opt/airflow/dags/ticker_sentiment_analysis.py
[2025-04-06T18:21:47.670+0000] {processor.py:829} INFO - Processing file /opt/airflow/dags/ticker_sentiment_analysis.py for tasks to queue
[2025-04-06T18:21:47.688+0000] {logging_mixin.py:151} INFO - [2025-04-06T18:21:47.685+0000] {dagbag.py:539} INFO - Filling up the DagBag from /opt/airflow/dags/ticker_sentiment_analysis.py
[2025-04-06T18:21:50.651+0000] {processor.py:839} INFO - DAG(s) dict_keys(['ticker_sentiment_analysis']) retrieved from /opt/airflow/dags/ticker_sentiment_analysis.py
[2025-04-06T18:21:50.842+0000] {logging_mixin.py:151} INFO - [2025-04-06T18:21:50.840+0000] {dag.py:2915} INFO - Sync 1 DAGs
[2025-04-06T18:21:50.909+0000] {logging_mixin.py:151} INFO - [2025-04-06T18:21:50.908+0000] {dag.py:3696} INFO - Setting next_dagrun for ticker_sentiment_analysis to 2025-04-07T19:00:00+00:00, run_after=2025-04-08T19:00:00+00:00
[2025-04-06T18:21:50.979+0000] {processor.py:179} INFO - Processing /opt/airflow/dags/ticker_sentiment_analysis.py took 3.357 seconds
[2025-04-06T18:22:21.284+0000] {processor.py:157} INFO - Started process (PID=214) to work on /opt/airflow/dags/ticker_sentiment_analysis.py
[2025-04-06T18:22:21.290+0000] {processor.py:829} INFO - Processing file /opt/airflow/dags/ticker_sentiment_analysis.py for tasks to queue
[2025-04-06T18:22:21.295+0000] {logging_mixin.py:151} INFO - [2025-04-06T18:22:21.294+0000] {dagbag.py:539} INFO - Filling up the DagBag from /opt/airflow/dags/ticker_sentiment_analysis.py
[2025-04-06T18:22:23.255+0000] {processor.py:839} INFO - DAG(s) dict_keys(['ticker_sentiment_analysis']) retrieved from /opt/airflow/dags/ticker_sentiment_analysis.py
[2025-04-06T18:22:23.400+0000] {logging_mixin.py:151} INFO - [2025-04-06T18:22:23.400+0000] {dag.py:2915} INFO - Sync 1 DAGs
[2025-04-06T18:22:23.434+0000] {logging_mixin.py:151} INFO - [2025-04-06T18:22:23.434+0000] {dag.py:3696} INFO - Setting next_dagrun for ticker_sentiment_analysis to 2025-04-07T19:00:00+00:00, run_after=2025-04-08T19:00:00+00:00
[2025-04-06T18:22:23.458+0000] {processor.py:179} INFO - Processing /opt/airflow/dags/ticker_sentiment_analysis.py took 2.197 seconds
[2025-04-06T18:22:54.080+0000] {processor.py:157} INFO - Started process (PID=225) to work on /opt/airflow/dags/ticker_sentiment_analysis.py
[2025-04-06T18:22:54.085+0000] {processor.py:829} INFO - Processing file /opt/airflow/dags/ticker_sentiment_analysis.py for tasks to queue
[2025-04-06T18:22:54.089+0000] {logging_mixin.py:151} INFO - [2025-04-06T18:22:54.088+0000] {dagbag.py:539} INFO - Filling up the DagBag from /opt/airflow/dags/ticker_sentiment_analysis.py
[2025-04-06T18:22:55.325+0000] {processor.py:839} INFO - DAG(s) dict_keys(['ticker_sentiment_analysis']) retrieved from /opt/airflow/dags/ticker_sentiment_analysis.py
[2025-04-06T18:22:55.422+0000] {logging_mixin.py:151} INFO - [2025-04-06T18:22:55.422+0000] {dag.py:2915} INFO - Sync 1 DAGs
[2025-04-06T18:22:55.477+0000] {logging_mixin.py:151} INFO - [2025-04-06T18:22:55.477+0000] {dag.py:3696} INFO - Setting next_dagrun for ticker_sentiment_analysis to 2025-04-07T19:00:00+00:00, run_after=2025-04-08T19:00:00+00:00
[2025-04-06T18:22:55.512+0000] {processor.py:179} INFO - Processing /opt/airflow/dags/ticker_sentiment_analysis.py took 1.462 seconds
[2025-04-06T18:23:25.831+0000] {processor.py:157} INFO - Started process (PID=248) to work on /opt/airflow/dags/ticker_sentiment_analysis.py
[2025-04-06T18:23:25.836+0000] {processor.py:829} INFO - Processing file /opt/airflow/dags/ticker_sentiment_analysis.py for tasks to queue
[2025-04-06T18:23:25.837+0000] {logging_mixin.py:151} INFO - [2025-04-06T18:23:25.837+0000] {dagbag.py:539} INFO - Filling up the DagBag from /opt/airflow/dags/ticker_sentiment_analysis.py
[2025-04-06T18:23:26.148+0000] {processor.py:839} INFO - DAG(s) dict_keys(['ticker_sentiment_analysis']) retrieved from /opt/airflow/dags/ticker_sentiment_analysis.py
[2025-04-06T18:23:26.177+0000] {logging_mixin.py:151} INFO - [2025-04-06T18:23:26.176+0000] {dag.py:2915} INFO - Sync 1 DAGs
[2025-04-06T18:23:26.194+0000] {logging_mixin.py:151} INFO - [2025-04-06T18:23:26.194+0000] {dag.py:3696} INFO - Setting next_dagrun for ticker_sentiment_analysis to 2025-04-07T19:00:00+00:00, run_after=2025-04-08T19:00:00+00:00
[2025-04-06T18:23:26.205+0000] {processor.py:179} INFO - Processing /opt/airflow/dags/ticker_sentiment_analysis.py took 0.423 seconds
[2025-04-06T18:23:56.232+0000] {processor.py:157} INFO - Started process (PID=259) to work on /opt/airflow/dags/ticker_sentiment_analysis.py
[2025-04-06T18:23:56.233+0000] {processor.py:829} INFO - Processing file /opt/airflow/dags/ticker_sentiment_analysis.py for tasks to queue
[2025-04-06T18:23:56.233+0000] {logging_mixin.py:151} INFO - [2025-04-06T18:23:56.233+0000] {dagbag.py:539} INFO - Filling up the DagBag from /opt/airflow/dags/ticker_sentiment_analysis.py
[2025-04-06T18:23:56.472+0000] {processor.py:839} INFO - DAG(s) dict_keys(['ticker_sentiment_analysis']) retrieved from /opt/airflow/dags/ticker_sentiment_analysis.py
[2025-04-06T18:23:56.647+0000] {logging_mixin.py:151} INFO - [2025-04-06T18:23:56.646+0000] {dag.py:2915} INFO - Sync 1 DAGs
[2025-04-06T18:23:56.661+0000] {logging_mixin.py:151} INFO - [2025-04-06T18:23:56.660+0000] {dag.py:3696} INFO - Setting next_dagrun for ticker_sentiment_analysis to 2025-04-07T19:00:00+00:00, run_after=2025-04-08T19:00:00+00:00
[2025-04-06T18:23:56.671+0000] {processor.py:179} INFO - Processing /opt/airflow/dags/ticker_sentiment_analysis.py took 0.442 seconds
[2025-04-06T18:24:27.080+0000] {processor.py:157} INFO - Started process (PID=270) to work on /opt/airflow/dags/ticker_sentiment_analysis.py
[2025-04-06T18:24:27.084+0000] {processor.py:829} INFO - Processing file /opt/airflow/dags/ticker_sentiment_analysis.py for tasks to queue
[2025-04-06T18:24:27.086+0000] {logging_mixin.py:151} INFO - [2025-04-06T18:24:27.086+0000] {dagbag.py:539} INFO - Filling up the DagBag from /opt/airflow/dags/ticker_sentiment_analysis.py
[2025-04-06T18:24:27.898+0000] {processor.py:839} INFO - DAG(s) dict_keys(['ticker_sentiment_analysis']) retrieved from /opt/airflow/dags/ticker_sentiment_analysis.py
[2025-04-06T18:24:27.984+0000] {logging_mixin.py:151} INFO - [2025-04-06T18:24:27.984+0000] {dag.py:2915} INFO - Sync 1 DAGs
[2025-04-06T18:24:28.066+0000] {logging_mixin.py:151} INFO - [2025-04-06T18:24:28.066+0000] {dag.py:3696} INFO - Setting next_dagrun for ticker_sentiment_analysis to 2025-04-07T19:00:00+00:00, run_after=2025-04-08T19:00:00+00:00
[2025-04-06T18:24:28.131+0000] {processor.py:179} INFO - Processing /opt/airflow/dags/ticker_sentiment_analysis.py took 1.059 seconds
[2025-04-06T18:24:59.124+0000] {processor.py:157} INFO - Started process (PID=281) to work on /opt/airflow/dags/ticker_sentiment_analysis.py
[2025-04-06T18:24:59.155+0000] {processor.py:829} INFO - Processing file /opt/airflow/dags/ticker_sentiment_analysis.py for tasks to queue
[2025-04-06T18:24:59.173+0000] {logging_mixin.py:151} INFO - [2025-04-06T18:24:59.166+0000] {dagbag.py:539} INFO - Filling up the DagBag from /opt/airflow/dags/ticker_sentiment_analysis.py
[2025-04-06T18:25:00.919+0000] {processor.py:839} INFO - DAG(s) dict_keys(['ticker_sentiment_analysis']) retrieved from /opt/airflow/dags/ticker_sentiment_analysis.py
[2025-04-06T18:25:01.125+0000] {logging_mixin.py:151} INFO - [2025-04-06T18:25:01.124+0000] {dag.py:2915} INFO - Sync 1 DAGs
[2025-04-06T18:25:01.256+0000] {logging_mixin.py:151} INFO - [2025-04-06T18:25:01.255+0000] {dag.py:3696} INFO - Setting next_dagrun for ticker_sentiment_analysis to 2025-04-07T19:00:00+00:00, run_after=2025-04-08T19:00:00+00:00
[2025-04-06T18:25:01.416+0000] {processor.py:179} INFO - Processing /opt/airflow/dags/ticker_sentiment_analysis.py took 2.317 seconds
[2025-04-06T18:25:31.931+0000] {processor.py:157} INFO - Started process (PID=292) to work on /opt/airflow/dags/ticker_sentiment_analysis.py
[2025-04-06T18:25:31.934+0000] {processor.py:829} INFO - Processing file /opt/airflow/dags/ticker_sentiment_analysis.py for tasks to queue
[2025-04-06T18:25:31.939+0000] {logging_mixin.py:151} INFO - [2025-04-06T18:25:31.935+0000] {dagbag.py:539} INFO - Filling up the DagBag from /opt/airflow/dags/ticker_sentiment_analysis.py
[2025-04-06T18:25:34.029+0000] {processor.py:839} INFO - DAG(s) dict_keys(['ticker_sentiment_analysis']) retrieved from /opt/airflow/dags/ticker_sentiment_analysis.py
[2025-04-06T18:25:34.122+0000] {logging_mixin.py:151} INFO - [2025-04-06T18:25:34.121+0000] {dag.py:2915} INFO - Sync 1 DAGs
[2025-04-06T18:25:34.179+0000] {logging_mixin.py:151} INFO - [2025-04-06T18:25:34.179+0000] {dag.py:3696} INFO - Setting next_dagrun for ticker_sentiment_analysis to 2025-04-07T19:00:00+00:00, run_after=2025-04-08T19:00:00+00:00
[2025-04-06T18:25:34.209+0000] {processor.py:179} INFO - Processing /opt/airflow/dags/ticker_sentiment_analysis.py took 2.298 seconds
[2025-04-06T18:26:04.650+0000] {processor.py:157} INFO - Started process (PID=303) to work on /opt/airflow/dags/ticker_sentiment_analysis.py
[2025-04-06T18:26:04.652+0000] {processor.py:829} INFO - Processing file /opt/airflow/dags/ticker_sentiment_analysis.py for tasks to queue
[2025-04-06T18:26:04.656+0000] {logging_mixin.py:151} INFO - [2025-04-06T18:26:04.653+0000] {dagbag.py:539} INFO - Filling up the DagBag from /opt/airflow/dags/ticker_sentiment_analysis.py
[2025-04-06T18:26:05.394+0000] {processor.py:839} INFO - DAG(s) dict_keys(['ticker_sentiment_analysis']) retrieved from /opt/airflow/dags/ticker_sentiment_analysis.py
[2025-04-06T18:26:05.481+0000] {logging_mixin.py:151} INFO - [2025-04-06T18:26:05.479+0000] {dag.py:2915} INFO - Sync 1 DAGs
[2025-04-06T18:26:05.541+0000] {logging_mixin.py:151} INFO - [2025-04-06T18:26:05.540+0000] {dag.py:3696} INFO - Setting next_dagrun for ticker_sentiment_analysis to 2025-04-07T19:00:00+00:00, run_after=2025-04-08T19:00:00+00:00
[2025-04-06T18:26:05.573+0000] {processor.py:179} INFO - Processing /opt/airflow/dags/ticker_sentiment_analysis.py took 0.939 seconds
[2025-04-06T18:26:36.243+0000] {processor.py:157} INFO - Started process (PID=314) to work on /opt/airflow/dags/ticker_sentiment_analysis.py
[2025-04-06T18:26:36.244+0000] {processor.py:829} INFO - Processing file /opt/airflow/dags/ticker_sentiment_analysis.py for tasks to queue
[2025-04-06T18:26:36.245+0000] {logging_mixin.py:151} INFO - [2025-04-06T18:26:36.244+0000] {dagbag.py:539} INFO - Filling up the DagBag from /opt/airflow/dags/ticker_sentiment_analysis.py
[2025-04-06T18:26:36.502+0000] {processor.py:839} INFO - DAG(s) dict_keys(['ticker_sentiment_analysis']) retrieved from /opt/airflow/dags/ticker_sentiment_analysis.py
[2025-04-06T18:26:36.518+0000] {logging_mixin.py:151} INFO - [2025-04-06T18:26:36.518+0000] {dag.py:2915} INFO - Sync 1 DAGs
[2025-04-06T18:26:36.571+0000] {logging_mixin.py:151} INFO - [2025-04-06T18:26:36.570+0000] {dag.py:3696} INFO - Setting next_dagrun for ticker_sentiment_analysis to 2025-04-07T19:00:00+00:00, run_after=2025-04-08T19:00:00+00:00
[2025-04-06T18:26:36.620+0000] {processor.py:179} INFO - Processing /opt/airflow/dags/ticker_sentiment_analysis.py took 0.380 seconds
[2025-04-06T18:27:07.071+0000] {processor.py:157} INFO - Started process (PID=325) to work on /opt/airflow/dags/ticker_sentiment_analysis.py
[2025-04-06T18:27:07.077+0000] {processor.py:829} INFO - Processing file /opt/airflow/dags/ticker_sentiment_analysis.py for tasks to queue
[2025-04-06T18:27:07.094+0000] {logging_mixin.py:151} INFO - [2025-04-06T18:27:07.087+0000] {dagbag.py:539} INFO - Filling up the DagBag from /opt/airflow/dags/ticker_sentiment_analysis.py
[2025-04-06T18:27:07.420+0000] {processor.py:839} INFO - DAG(s) dict_keys(['ticker_sentiment_analysis']) retrieved from /opt/airflow/dags/ticker_sentiment_analysis.py
[2025-04-06T18:27:07.444+0000] {logging_mixin.py:151} INFO - [2025-04-06T18:27:07.443+0000] {dag.py:2915} INFO - Sync 1 DAGs
[2025-04-06T18:27:07.467+0000] {logging_mixin.py:151} INFO - [2025-04-06T18:27:07.467+0000] {dag.py:3696} INFO - Setting next_dagrun for ticker_sentiment_analysis to 2025-04-07T19:00:00+00:00, run_after=2025-04-08T19:00:00+00:00
[2025-04-06T18:27:07.567+0000] {processor.py:179} INFO - Processing /opt/airflow/dags/ticker_sentiment_analysis.py took 0.504 seconds
[2025-04-06T18:27:38.140+0000] {processor.py:157} INFO - Started process (PID=336) to work on /opt/airflow/dags/ticker_sentiment_analysis.py
[2025-04-06T18:27:38.150+0000] {processor.py:829} INFO - Processing file /opt/airflow/dags/ticker_sentiment_analysis.py for tasks to queue
[2025-04-06T18:27:38.157+0000] {logging_mixin.py:151} INFO - [2025-04-06T18:27:38.153+0000] {dagbag.py:539} INFO - Filling up the DagBag from /opt/airflow/dags/ticker_sentiment_analysis.py
[2025-04-06T18:27:40.119+0000] {processor.py:839} INFO - DAG(s) dict_keys(['ticker_sentiment_analysis']) retrieved from /opt/airflow/dags/ticker_sentiment_analysis.py
[2025-04-06T18:27:40.346+0000] {logging_mixin.py:151} INFO - [2025-04-06T18:27:40.344+0000] {dag.py:2915} INFO - Sync 1 DAGs
[2025-04-06T18:27:40.578+0000] {logging_mixin.py:151} INFO - [2025-04-06T18:27:40.578+0000] {dag.py:3696} INFO - Setting next_dagrun for ticker_sentiment_analysis to 2025-04-07T19:00:00+00:00, run_after=2025-04-08T19:00:00+00:00
[2025-04-06T18:27:40.681+0000] {processor.py:179} INFO - Processing /opt/airflow/dags/ticker_sentiment_analysis.py took 2.577 seconds
[2025-04-06T18:28:11.353+0000] {processor.py:157} INFO - Started process (PID=347) to work on /opt/airflow/dags/ticker_sentiment_analysis.py
[2025-04-06T18:28:11.357+0000] {processor.py:829} INFO - Processing file /opt/airflow/dags/ticker_sentiment_analysis.py for tasks to queue
[2025-04-06T18:28:11.360+0000] {logging_mixin.py:151} INFO - [2025-04-06T18:28:11.359+0000] {dagbag.py:539} INFO - Filling up the DagBag from /opt/airflow/dags/ticker_sentiment_analysis.py
[2025-04-06T18:28:12.246+0000] {processor.py:839} INFO - DAG(s) dict_keys(['ticker_sentiment_analysis']) retrieved from /opt/airflow/dags/ticker_sentiment_analysis.py
[2025-04-06T18:28:12.309+0000] {logging_mixin.py:151} INFO - [2025-04-06T18:28:12.308+0000] {dag.py:2915} INFO - Sync 1 DAGs
[2025-04-06T18:28:12.353+0000] {logging_mixin.py:151} INFO - [2025-04-06T18:28:12.352+0000] {dag.py:3696} INFO - Setting next_dagrun for ticker_sentiment_analysis to 2025-04-07T19:00:00+00:00, run_after=2025-04-08T19:00:00+00:00
[2025-04-06T18:28:12.376+0000] {processor.py:179} INFO - Processing /opt/airflow/dags/ticker_sentiment_analysis.py took 1.048 seconds
[2025-04-06T18:28:42.743+0000] {processor.py:157} INFO - Started process (PID=364) to work on /opt/airflow/dags/ticker_sentiment_analysis.py
[2025-04-06T18:28:42.745+0000] {processor.py:829} INFO - Processing file /opt/airflow/dags/ticker_sentiment_analysis.py for tasks to queue
[2025-04-06T18:28:42.747+0000] {logging_mixin.py:151} INFO - [2025-04-06T18:28:42.746+0000] {dagbag.py:539} INFO - Filling up the DagBag from /opt/airflow/dags/ticker_sentiment_analysis.py
[2025-04-06T18:28:43.519+0000] {processor.py:839} INFO - DAG(s) dict_keys(['ticker_sentiment_analysis']) retrieved from /opt/airflow/dags/ticker_sentiment_analysis.py
[2025-04-06T18:28:43.637+0000] {logging_mixin.py:151} INFO - [2025-04-06T18:28:43.636+0000] {dag.py:2915} INFO - Sync 1 DAGs
[2025-04-06T18:28:43.685+0000] {logging_mixin.py:151} INFO - [2025-04-06T18:28:43.685+0000] {dag.py:3696} INFO - Setting next_dagrun for ticker_sentiment_analysis to 2025-04-07T19:00:00+00:00, run_after=2025-04-08T19:00:00+00:00
[2025-04-06T18:28:43.753+0000] {processor.py:179} INFO - Processing /opt/airflow/dags/ticker_sentiment_analysis.py took 1.018 seconds
[2025-04-06T18:29:14.259+0000] {processor.py:157} INFO - Started process (PID=375) to work on /opt/airflow/dags/ticker_sentiment_analysis.py
[2025-04-06T18:29:14.263+0000] {processor.py:829} INFO - Processing file /opt/airflow/dags/ticker_sentiment_analysis.py for tasks to queue
[2025-04-06T18:29:14.265+0000] {logging_mixin.py:151} INFO - [2025-04-06T18:29:14.264+0000] {dagbag.py:539} INFO - Filling up the DagBag from /opt/airflow/dags/ticker_sentiment_analysis.py
[2025-04-06T18:29:14.629+0000] {processor.py:839} INFO - DAG(s) dict_keys(['ticker_sentiment_analysis']) retrieved from /opt/airflow/dags/ticker_sentiment_analysis.py
[2025-04-06T18:29:14.656+0000] {logging_mixin.py:151} INFO - [2025-04-06T18:29:14.656+0000] {dag.py:2915} INFO - Sync 1 DAGs
[2025-04-06T18:29:14.675+0000] {logging_mixin.py:151} INFO - [2025-04-06T18:29:14.675+0000] {dag.py:3696} INFO - Setting next_dagrun for ticker_sentiment_analysis to 2025-04-07T19:00:00+00:00, run_after=2025-04-08T19:00:00+00:00
[2025-04-06T18:29:14.687+0000] {processor.py:179} INFO - Processing /opt/airflow/dags/ticker_sentiment_analysis.py took 0.439 seconds
[2025-04-06T18:29:44.903+0000] {processor.py:157} INFO - Started process (PID=386) to work on /opt/airflow/dags/ticker_sentiment_analysis.py
[2025-04-06T18:29:44.907+0000] {processor.py:829} INFO - Processing file /opt/airflow/dags/ticker_sentiment_analysis.py for tasks to queue
[2025-04-06T18:29:44.908+0000] {logging_mixin.py:151} INFO - [2025-04-06T18:29:44.908+0000] {dagbag.py:539} INFO - Filling up the DagBag from /opt/airflow/dags/ticker_sentiment_analysis.py
[2025-04-06T18:29:45.321+0000] {processor.py:839} INFO - DAG(s) dict_keys(['ticker_sentiment_analysis']) retrieved from /opt/airflow/dags/ticker_sentiment_analysis.py
[2025-04-06T18:29:45.392+0000] {logging_mixin.py:151} INFO - [2025-04-06T18:29:45.389+0000] {dag.py:2915} INFO - Sync 1 DAGs
[2025-04-06T18:29:45.432+0000] {logging_mixin.py:151} INFO - [2025-04-06T18:29:45.432+0000] {dag.py:3696} INFO - Setting next_dagrun for ticker_sentiment_analysis to 2025-04-07T19:00:00+00:00, run_after=2025-04-08T19:00:00+00:00
[2025-04-06T18:29:45.482+0000] {processor.py:179} INFO - Processing /opt/airflow/dags/ticker_sentiment_analysis.py took 0.583 seconds
[2025-04-06T18:30:15.916+0000] {processor.py:157} INFO - Started process (PID=397) to work on /opt/airflow/dags/ticker_sentiment_analysis.py
[2025-04-06T18:30:15.932+0000] {processor.py:829} INFO - Processing file /opt/airflow/dags/ticker_sentiment_analysis.py for tasks to queue
[2025-04-06T18:30:15.976+0000] {logging_mixin.py:151} INFO - [2025-04-06T18:30:15.975+0000] {dagbag.py:539} INFO - Filling up the DagBag from /opt/airflow/dags/ticker_sentiment_analysis.py
[2025-04-06T18:30:16.697+0000] {processor.py:839} INFO - DAG(s) dict_keys(['ticker_sentiment_analysis']) retrieved from /opt/airflow/dags/ticker_sentiment_analysis.py
[2025-04-06T18:30:16.792+0000] {logging_mixin.py:151} INFO - [2025-04-06T18:30:16.791+0000] {dag.py:2915} INFO - Sync 1 DAGs
[2025-04-06T18:30:17.002+0000] {logging_mixin.py:151} INFO - [2025-04-06T18:30:16.999+0000] {dag.py:3696} INFO - Setting next_dagrun for ticker_sentiment_analysis to 2025-04-07T19:00:00+00:00, run_after=2025-04-08T19:00:00+00:00
[2025-04-06T18:30:17.224+0000] {processor.py:179} INFO - Processing /opt/airflow/dags/ticker_sentiment_analysis.py took 1.327 seconds
[2025-04-06T18:30:48.210+0000] {processor.py:157} INFO - Started process (PID=408) to work on /opt/airflow/dags/ticker_sentiment_analysis.py
[2025-04-06T18:30:48.215+0000] {processor.py:829} INFO - Processing file /opt/airflow/dags/ticker_sentiment_analysis.py for tasks to queue
[2025-04-06T18:30:48.240+0000] {logging_mixin.py:151} INFO - [2025-04-06T18:30:48.235+0000] {dagbag.py:539} INFO - Filling up the DagBag from /opt/airflow/dags/ticker_sentiment_analysis.py
[2025-04-06T18:30:50.819+0000] {processor.py:839} INFO - DAG(s) dict_keys(['ticker_sentiment_analysis']) retrieved from /opt/airflow/dags/ticker_sentiment_analysis.py
[2025-04-06T18:30:50.988+0000] {logging_mixin.py:151} INFO - [2025-04-06T18:30:50.987+0000] {dag.py:2915} INFO - Sync 1 DAGs
[2025-04-06T18:30:51.080+0000] {logging_mixin.py:151} INFO - [2025-04-06T18:30:51.079+0000] {dag.py:3696} INFO - Setting next_dagrun for ticker_sentiment_analysis to 2025-04-07T19:00:00+00:00, run_after=2025-04-08T19:00:00+00:00
[2025-04-06T18:30:51.121+0000] {processor.py:179} INFO - Processing /opt/airflow/dags/ticker_sentiment_analysis.py took 2.991 seconds
[2025-04-06T18:31:21.586+0000] {processor.py:157} INFO - Started process (PID=419) to work on /opt/airflow/dags/ticker_sentiment_analysis.py
[2025-04-06T18:31:21.591+0000] {processor.py:829} INFO - Processing file /opt/airflow/dags/ticker_sentiment_analysis.py for tasks to queue
[2025-04-06T18:31:21.593+0000] {logging_mixin.py:151} INFO - [2025-04-06T18:31:21.592+0000] {dagbag.py:539} INFO - Filling up the DagBag from /opt/airflow/dags/ticker_sentiment_analysis.py
[2025-04-06T18:31:22.183+0000] {processor.py:839} INFO - DAG(s) dict_keys(['ticker_sentiment_analysis']) retrieved from /opt/airflow/dags/ticker_sentiment_analysis.py
[2025-04-06T18:31:22.269+0000] {logging_mixin.py:151} INFO - [2025-04-06T18:31:22.269+0000] {dag.py:2915} INFO - Sync 1 DAGs
[2025-04-06T18:31:22.340+0000] {logging_mixin.py:151} INFO - [2025-04-06T18:31:22.339+0000] {dag.py:3696} INFO - Setting next_dagrun for ticker_sentiment_analysis to 2025-04-07T19:00:00+00:00, run_after=2025-04-08T19:00:00+00:00
[2025-04-06T18:31:22.363+0000] {processor.py:179} INFO - Processing /opt/airflow/dags/ticker_sentiment_analysis.py took 0.788 seconds
[2025-04-06T18:31:53.464+0000] {processor.py:157} INFO - Started process (PID=430) to work on /opt/airflow/dags/ticker_sentiment_analysis.py
[2025-04-06T18:31:53.473+0000] {processor.py:829} INFO - Processing file /opt/airflow/dags/ticker_sentiment_analysis.py for tasks to queue
[2025-04-06T18:31:53.476+0000] {logging_mixin.py:151} INFO - [2025-04-06T18:31:53.475+0000] {dagbag.py:539} INFO - Filling up the DagBag from /opt/airflow/dags/ticker_sentiment_analysis.py
[2025-04-06T18:31:54.335+0000] {processor.py:839} INFO - DAG(s) dict_keys(['ticker_sentiment_analysis']) retrieved from /opt/airflow/dags/ticker_sentiment_analysis.py
[2025-04-06T18:31:54.431+0000] {logging_mixin.py:151} INFO - [2025-04-06T18:31:54.431+0000] {dag.py:2915} INFO - Sync 1 DAGs
[2025-04-06T18:31:54.501+0000] {logging_mixin.py:151} INFO - [2025-04-06T18:31:54.500+0000] {dag.py:3696} INFO - Setting next_dagrun for ticker_sentiment_analysis to 2025-04-07T19:00:00+00:00, run_after=2025-04-08T19:00:00+00:00
[2025-04-06T18:31:54.529+0000] {processor.py:179} INFO - Processing /opt/airflow/dags/ticker_sentiment_analysis.py took 1.100 seconds
[2025-04-06T18:32:24.954+0000] {processor.py:157} INFO - Started process (PID=441) to work on /opt/airflow/dags/ticker_sentiment_analysis.py
[2025-04-06T18:32:24.956+0000] {processor.py:829} INFO - Processing file /opt/airflow/dags/ticker_sentiment_analysis.py for tasks to queue
[2025-04-06T18:32:24.957+0000] {logging_mixin.py:151} INFO - [2025-04-06T18:32:24.956+0000] {dagbag.py:539} INFO - Filling up the DagBag from /opt/airflow/dags/ticker_sentiment_analysis.py
[2025-04-06T18:32:25.353+0000] {processor.py:839} INFO - DAG(s) dict_keys(['ticker_sentiment_analysis']) retrieved from /opt/airflow/dags/ticker_sentiment_analysis.py
[2025-04-06T18:32:25.368+0000] {logging_mixin.py:151} INFO - [2025-04-06T18:32:25.367+0000] {dag.py:2915} INFO - Sync 1 DAGs
[2025-04-06T18:32:25.379+0000] {logging_mixin.py:151} INFO - [2025-04-06T18:32:25.379+0000] {dag.py:3696} INFO - Setting next_dagrun for ticker_sentiment_analysis to 2025-04-07T19:00:00+00:00, run_after=2025-04-08T19:00:00+00:00
[2025-04-06T18:32:25.388+0000] {processor.py:179} INFO - Processing /opt/airflow/dags/ticker_sentiment_analysis.py took 0.441 seconds
[2025-04-06T18:32:55.455+0000] {processor.py:157} INFO - Started process (PID=452) to work on /opt/airflow/dags/ticker_sentiment_analysis.py
[2025-04-06T18:32:55.458+0000] {processor.py:829} INFO - Processing file /opt/airflow/dags/ticker_sentiment_analysis.py for tasks to queue
[2025-04-06T18:32:55.459+0000] {logging_mixin.py:151} INFO - [2025-04-06T18:32:55.459+0000] {dagbag.py:539} INFO - Filling up the DagBag from /opt/airflow/dags/ticker_sentiment_analysis.py
[2025-04-06T18:32:55.671+0000] {processor.py:839} INFO - DAG(s) dict_keys(['ticker_sentiment_analysis']) retrieved from /opt/airflow/dags/ticker_sentiment_analysis.py
[2025-04-06T18:32:55.685+0000] {logging_mixin.py:151} INFO - [2025-04-06T18:32:55.685+0000] {dag.py:2915} INFO - Sync 1 DAGs
[2025-04-06T18:32:55.696+0000] {logging_mixin.py:151} INFO - [2025-04-06T18:32:55.696+0000] {dag.py:3696} INFO - Setting next_dagrun for ticker_sentiment_analysis to 2025-04-07T19:00:00+00:00, run_after=2025-04-08T19:00:00+00:00
[2025-04-06T18:32:55.703+0000] {processor.py:179} INFO - Processing /opt/airflow/dags/ticker_sentiment_analysis.py took 0.254 seconds
[2025-04-06T18:33:25.875+0000] {processor.py:157} INFO - Started process (PID=463) to work on /opt/airflow/dags/ticker_sentiment_analysis.py
[2025-04-06T18:33:25.876+0000] {processor.py:829} INFO - Processing file /opt/airflow/dags/ticker_sentiment_analysis.py for tasks to queue
[2025-04-06T18:33:25.877+0000] {logging_mixin.py:151} INFO - [2025-04-06T18:33:25.877+0000] {dagbag.py:539} INFO - Filling up the DagBag from /opt/airflow/dags/ticker_sentiment_analysis.py
[2025-04-06T18:33:26.317+0000] {processor.py:839} INFO - DAG(s) dict_keys(['ticker_sentiment_analysis']) retrieved from /opt/airflow/dags/ticker_sentiment_analysis.py
[2025-04-06T18:33:26.333+0000] {logging_mixin.py:151} INFO - [2025-04-06T18:33:26.332+0000] {dag.py:2915} INFO - Sync 1 DAGs
[2025-04-06T18:33:26.344+0000] {logging_mixin.py:151} INFO - [2025-04-06T18:33:26.344+0000] {dag.py:3696} INFO - Setting next_dagrun for ticker_sentiment_analysis to 2025-04-07T19:00:00+00:00, run_after=2025-04-08T19:00:00+00:00
[2025-04-06T18:33:26.353+0000] {processor.py:179} INFO - Processing /opt/airflow/dags/ticker_sentiment_analysis.py took 0.481 seconds
[2025-04-06T18:33:56.405+0000] {processor.py:157} INFO - Started process (PID=479) to work on /opt/airflow/dags/ticker_sentiment_analysis.py
[2025-04-06T18:33:56.405+0000] {processor.py:829} INFO - Processing file /opt/airflow/dags/ticker_sentiment_analysis.py for tasks to queue
[2025-04-06T18:33:56.406+0000] {logging_mixin.py:151} INFO - [2025-04-06T18:33:56.405+0000] {dagbag.py:539} INFO - Filling up the DagBag from /opt/airflow/dags/ticker_sentiment_analysis.py
[2025-04-06T18:33:56.592+0000] {processor.py:839} INFO - DAG(s) dict_keys(['ticker_sentiment_analysis']) retrieved from /opt/airflow/dags/ticker_sentiment_analysis.py
[2025-04-06T18:33:56.606+0000] {logging_mixin.py:151} INFO - [2025-04-06T18:33:56.606+0000] {dag.py:2915} INFO - Sync 1 DAGs
[2025-04-06T18:33:56.618+0000] {logging_mixin.py:151} INFO - [2025-04-06T18:33:56.618+0000] {dag.py:3696} INFO - Setting next_dagrun for ticker_sentiment_analysis to 2025-04-07T19:00:00+00:00, run_after=2025-04-08T19:00:00+00:00
[2025-04-06T18:33:56.625+0000] {processor.py:179} INFO - Processing /opt/airflow/dags/ticker_sentiment_analysis.py took 0.222 seconds
[2025-04-06T18:34:26.740+0000] {processor.py:157} INFO - Started process (PID=485) to work on /opt/airflow/dags/ticker_sentiment_analysis.py
[2025-04-06T18:34:26.741+0000] {processor.py:829} INFO - Processing file /opt/airflow/dags/ticker_sentiment_analysis.py for tasks to queue
[2025-04-06T18:34:26.742+0000] {logging_mixin.py:151} INFO - [2025-04-06T18:34:26.742+0000] {dagbag.py:539} INFO - Filling up the DagBag from /opt/airflow/dags/ticker_sentiment_analysis.py
[2025-04-06T18:34:27.032+0000] {processor.py:839} INFO - DAG(s) dict_keys(['ticker_sentiment_analysis']) retrieved from /opt/airflow/dags/ticker_sentiment_analysis.py
[2025-04-06T18:34:27.046+0000] {logging_mixin.py:151} INFO - [2025-04-06T18:34:27.045+0000] {dag.py:2915} INFO - Sync 1 DAGs
[2025-04-06T18:34:27.058+0000] {logging_mixin.py:151} INFO - [2025-04-06T18:34:27.058+0000] {dag.py:3696} INFO - Setting next_dagrun for ticker_sentiment_analysis to 2025-04-07T19:00:00+00:00, run_after=2025-04-08T19:00:00+00:00
[2025-04-06T18:34:27.065+0000] {processor.py:179} INFO - Processing /opt/airflow/dags/ticker_sentiment_analysis.py took 0.331 seconds
[2025-04-06T18:34:57.260+0000] {processor.py:157} INFO - Started process (PID=496) to work on /opt/airflow/dags/ticker_sentiment_analysis.py
[2025-04-06T18:34:57.261+0000] {processor.py:829} INFO - Processing file /opt/airflow/dags/ticker_sentiment_analysis.py for tasks to queue
[2025-04-06T18:34:57.262+0000] {logging_mixin.py:151} INFO - [2025-04-06T18:34:57.262+0000] {dagbag.py:539} INFO - Filling up the DagBag from /opt/airflow/dags/ticker_sentiment_analysis.py
[2025-04-06T18:34:57.647+0000] {processor.py:839} INFO - DAG(s) dict_keys(['ticker_sentiment_analysis']) retrieved from /opt/airflow/dags/ticker_sentiment_analysis.py
[2025-04-06T18:34:57.662+0000] {logging_mixin.py:151} INFO - [2025-04-06T18:34:57.661+0000] {dag.py:2915} INFO - Sync 1 DAGs
[2025-04-06T18:34:57.673+0000] {logging_mixin.py:151} INFO - [2025-04-06T18:34:57.673+0000] {dag.py:3696} INFO - Setting next_dagrun for ticker_sentiment_analysis to 2025-04-07T19:00:00+00:00, run_after=2025-04-08T19:00:00+00:00
[2025-04-06T18:34:57.682+0000] {processor.py:179} INFO - Processing /opt/airflow/dags/ticker_sentiment_analysis.py took 0.428 seconds
[2025-04-06T18:35:27.813+0000] {processor.py:157} INFO - Started process (PID=512) to work on /opt/airflow/dags/ticker_sentiment_analysis.py
[2025-04-06T18:35:27.814+0000] {processor.py:829} INFO - Processing file /opt/airflow/dags/ticker_sentiment_analysis.py for tasks to queue
[2025-04-06T18:35:27.814+0000] {logging_mixin.py:151} INFO - [2025-04-06T18:35:27.814+0000] {dagbag.py:539} INFO - Filling up the DagBag from /opt/airflow/dags/ticker_sentiment_analysis.py
[2025-04-06T18:35:28.003+0000] {processor.py:839} INFO - DAG(s) dict_keys(['ticker_sentiment_analysis']) retrieved from /opt/airflow/dags/ticker_sentiment_analysis.py
[2025-04-06T18:35:28.016+0000] {logging_mixin.py:151} INFO - [2025-04-06T18:35:28.016+0000] {dag.py:2915} INFO - Sync 1 DAGs
[2025-04-06T18:35:28.026+0000] {logging_mixin.py:151} INFO - [2025-04-06T18:35:28.026+0000] {dag.py:3696} INFO - Setting next_dagrun for ticker_sentiment_analysis to 2025-04-07T19:00:00+00:00, run_after=2025-04-08T19:00:00+00:00
[2025-04-06T18:35:28.033+0000] {processor.py:179} INFO - Processing /opt/airflow/dags/ticker_sentiment_analysis.py took 0.221 seconds
